main() <entry point>
|   ack(m=3, n=2) <line 12>
|   |   ack(m=3, n=1) <line 5>
|   |   |   ack(m=3, n=0) <line 5>
|   |   |   |   ack(m=2, n=1) <line 4>
|   |   |   |   |   ack(m=2, n=0) <line 5>
|   |   |   |   |   |   ack(m=1, n=1) <line 4>
|   |   |   |   |   |   |   ack(m=1, n=0) <line 5>
|   |   |   |   |   |   |   |   ack(m=0, n=1) <line 4>
|   |   |   |   |   |   |   |   return 2 <line 3>
|   |   |   |   |   |   |   return 2 <line 4>
|   |   |   |   |   |   |   ack(m=0, n=2) <line 5>
|   |   |   |   |   |   |   return 3 <line 3>
|   |   |   |   |   |   return 3 <line 5>
|   |   |   |   |   return 3 <line 4>
|   |   |   |   |   ack(m=1, n=3) <line 5>
|   |   |   |   |   |   ack(m=1, n=2) <line 5>
|   |   |   |   |   |   |   ack(m=1, n=1) <line 5>
|   |   |   |   |   |   |   |   ack(m=1, n=0) <line 5>
|   |   |   |   |   |   |   |   |   ack(m=0, n=1) <line 4>
|   |   |   |   |   |   |   |   |   return 2 <line 3>
|   |   |   |   |   |   |   |   return 2 <line 4>
|   |   |   |   |   |   |   |   ack(m=0, n=2) <line 5>
|   |   |   |   |   |   |   |   return 3 <line 3>
|   |   |   |   |   |   |   return 3 <line 5>
|   |   |   |   |   |   |   ack(m=0, n=3) <line 5>
|   |   |   |   |   |   |   return 4 <line 3>
|   |   |   |   |   |   return 4 <line 5>
|   |   |   |   |   |   ack(m=0, n=4) <line 5>
|   |   |   |   |   |   return 5 <line 3>
|   |   |   |   |   return 5 <line 5>
|   |   |   |   return 5 <line 5>
|   |   |   return 5 <line 4>
|   |   |   ack(m=2, n=5) <line 5>
|   |   |   |   ack(m=2, n=4) <line 5>
|   |   |   |   |   ack(m=2, n=3) <line 5>
|   |   |   |   |   |   ack(m=2, n=2) <line 5>
|   |   |   |   |   |   |   ack(m=2, n=1) <line 5>
|   |   |   |   |   |   |   |   ack(m=2, n=0) <line 5>
|   |   |   |   |   |   |   |   |   ack(m=1, n=1) <line 4>
|   |   |   |   |   |   |   |   |   |   ack(m=1, n=0) <line 5>
|   |   |   |   |   |   |   |   |   |   |   ack(m=0, n=1) <line 4>
|   |   |   |   |   |   |   |   |   |   |   return 2 <line 3>
|   |   |   |   |   |   |   |   |   |   return 2 <line 4>
|   |   |   |   |   |   |   |   |   |   ack(m=0, n=2) <line 5>
|   |   |   |   |   |   |   |   |   |   return 3 <line 3>
|   |   |   |   |   |   |   |   |   return 3 <line 5>
|   |   |   |   |   |   |   |   return 3 <line 4>
|   |   |   |   |   |   |   |   ack(m=1, n=3) <line 5>
|   |   |   |   |   |   |   |   |   ack(m=1, n=2) <line 5>
|   |   |   |   |   |   |   |   |   |   ack(m=1, n=1) <line 5>
|   |   |   |   |   |   |   |   |   |   |   ack(m=1, n=0) <line 5>
|   |   |   |   |   |   |   |   |   |   |   |   ack(m=0, n=1) <line 4>
|   |   |   |   |   |   |   |   |   |   |   |   return 2 <line 3>
|   |   |   |   |   |   |   |   |   |   |   return 2 <line 4>
|   |   |   |   |   |   |   |   |   |   |   ack(m=0, n=2) <line 5>
|   |   |   |   |   |   |   |   |   |   |   return 3 <line 3>
|   |   |   |   |   |   |   |   |   |   return 3 <line 5>
|   |   |   |   |   |   |   |   |   |   ack(m=0, n=3) <line 5>
|   |   |   |   |   |   |   |   |   |   return 4 <line 3>
|   |   |   |   |   |   |   |   |   return 4 <line 5>
|   |   |   |   |   |   |   |   |   ack(m=0, n=4) <line 5>
|   |   |   |   |   |   |   |   |   return 5 <line 3>
|   |   |   |   |   |   |   |   return 5 <line 5>
|   |   |   |   |   |   |   return 5 <line 5>
|   |   |   |   |   |   |   ack(m=1, n=5) <line 5>
|   |   |   |   |   |   |   |   ack(m=1, n=4) <line 5>
|   |   |   |   |   |   |   |   |   ack(m=1, n=3) <line 5>
|   |   |   |   |   |   |   |   |   |   ack(m=1, n=2) <line 5>
|   |   |   |   |   |   |   |   |   |   |   ack(m=1, n=1) <line 5>
|   |   |   |   |   |   |   |   |   |   |   |   ack(m=1, n=0) <line 5>
|   |   |   |   |   |   |   |   |   |   |   |   |   ack(m=0, n=1) <line 4>
|   |   |   |   |   |   |   |   |   |   |   |   |   return 2 <line 3>
|   |   |   |   |   |   |   |   |   |   |   |   return 2 <line 4>
|   |   |   |   |   |   |   |   |   |   |   |   ack(m=0, n=2) <line 5>
|   |   |   |   |   |   |   |   |   |   |   |   return 3 <line 3>
|   |   |   |   |   |   |   |   |   |   |   return 3 <line 5>
|   |   |   |   |   |   |   |   |   |   |   ack(m=0, n=3) <line 5>
|   |   |   |   |   |   |   |   |   |   |   return 4 <line 3>
|   |   |   |   |   |   |   |   |   |   return 4 <line 5>
|   |   |   |   |   |   |   |   |   |   ack(m=0, n=4) <line 5>
|   |   |   |   |   |   |   |   |   |   return 5 <line 3>
|   |   |   |   |   |   |   |   |   return 5 <line 5>
|   |   |   |   |   |   |   |   |   ack(m=0, n=5) <line 5>
|   |   |   |   |   |   |   |   |   return 6 <line 3>
|   |   |   |   |   |   |   |   return 6 <line 5>
|   |   |   |   |   |   |   |   ack(m=0, n=6) <line 5>
|   |   |   |   |   |   |   |   return 7 <line 3>
|   |   |   |   |   |   |   return 7 <line 5>
|   |   |   |   |   |   return 7 <line 5>
|   |   |   |   |   |   ack(m=1, n=7) <line 5>
|   |   |   |   |   |   |   ack(m=1, n=6) <line 5>
|   |   |   |   |   |   |   |   ack(m=1, n=5) <line 5>
|   |   |   |   |   |   |   |   |   ack(m=1, n=4) <line 5>
|   |   |   |   |   |   |   |   |   |   ack(m=1, n=3) <line 5>
|   |   |   |   |   |   |   |   |   |   |   ack(m=1, n=2) <line 5>
|   |   |   |   |   |   |   |   |   |   |   |   ack(m=1, n=1) <line 5>
|   |   |   |   |   |   |   |   |   |   |   |   |   ack(m=1, n=0) <line 5>
|   |   |   |   |   |   |   |   |   |   |   |   |   |   ack(m=0, n=1) <line 4>
|   |   |   |   |   |   |   |   |   |   |   |   |   |   return 2 <line 3>
|   |   |   |   |   |   |   |   |   |   |   |   |   return 2 <line 4>
|   |   |   |   |   |   |   |   |   |   |   |   |   ack(m=0, n=2) <line 5>
|   |   |   |   |   |   |   |   |   |   |   |   |   return 3 <line 3>
|   |   |   |   |   |   |   |   |   |   |   |   return 3 <line 5>
|   |   |   |   |   |   |   |   |   |   |   |   ack(m=0, n=3) <line 5>
|   |   |   |   |   |   |   |   |   |   |   |   return 4 <line 3>
|   |   |   |   |   |   |   |   |   |   |   return 4 <line 5>
|   |   |   |   |   |   |   |   |   |   |   ack(m=0, n=4) <line 5>
|   |   |   |   |   |   |   |   |   |   |   return 5 <line 3>
|   |   |   |   |   |   |   |   |   |   return 5 <line 5>
|   |   |   |   |   |   |   |   |   |   ack(m=0, n=5) <line 5>
|   |   |   |   |   |   |   |   |   |   return 6 <line 3>
|   |   |   |   |   |   |   |   |   return 6 <line 5>
|   |   |   |   |   |   |   |   |   ack(m=0, n=6) <line 5>
|   |   |   |   |   |   |   |   |   return 7 <line 3>
|   |   |   |   |   |   |   |   return 7 <line 5>
|   |   |   |   |   |   |   |   ack(m=0, n=7) <line 5>
|   |   |   |   |   |   |   |   return 8 <line 3>
|   |   |   |   |   |   |   return 8 <line 5>
|   |   |   |   |   |   |   ack(m=0, n=8) <line 5>
|   |   |   |   |   |   |   return 9 <line 3>
|   |   |   |   |   |   return 9 <line 5>
|   |   |   |   |   return 9 <line 5>
|   |   |   |   |   ack(m=1, n=9) <line 5>
|   |   |   |   |   |   ack(m=1, n=8) <line 5>
|   |   |   |   |   |   |   ack(m=1, n=7) <line 5>
|   |   |   |   |   |   |   |   ack(m=1, n=6) <line 5>
|   |   |   |   |   |   |   |   |   ack(m=1, n=5) <line 5>
|   |   |   |   |   |   |   |   |   |   ack(m=1, n=4) <line 5>
|   |   |   |   |   |   |   |   |   |   |   ack(m=1, n=3) <line 5>
|   |   |   |   |   |   |   |   |   |   |   |   ack(m=1, n=2) <line 5>
|   |   |   |   |   |   |   |   |   |   |   |   |   ack(m=1, n=1) <line 5>
|   |   |   |   |   |   |   |   |   |   |   |   |   |   ack(m=1, n=0) <line 5>
|   |   |   |   |   |   |   |   |   |   |   |   |   |   |   ack(m=0, n=1) <line 4>
|   |   |   |   |   |   |   |   |   |   |   |   |   |   |   return 2 <line 3>
|   |   |   |   |   |   |   |   |   |   |   |   |   |   return 2 <line 4>
|   |   |   |   |   |   |   |   |   |   |   |   |   |   ack(m=0, n=2) <line 5>
|   |   |   |   |   |   |   |   |   |   |   |   |   |   return 3 <line 3>
|   |   |   |   |   |   |   |   |   |   |   |   |   return 3 <line 5>
|   |   |   |   |   |   |   |   |   |   |   |   |   ack(m=0, n=3) <line 5>
|   |   |   |   |   |   |   |   |   |   |   |   |   return 4 <line 3>
|   |   |   |   |   |   |   |   |   |   |   |   return 4 <line 5>
|   |   |   |   |   |   |   |   |   |   |   |   ack(m=0, n=4) <line 5>
|   |   |   |   |   |   |   |   |   |   |   |   return 5 <line 3>
|   |   |   |   |   |   |   |   |   |   |   return 5 <line 5>
|   |   |   |   |   |   |   |   |   |   |   ack(m=0, n=5) <line 5>
|   |   |   |   |   |   |   |   |   |   |   return 6 <line 3>
|   |   |   |   |   |   |   |   |   |   return 6 <line 5>
|   |   |   |   |   |   |   |   |   |   ack(m=0, n=6) <line 5>
|   |   |   |   |   |   |   |   |   |   return 7 <line 3>
|   |   |   |   |   |   |   |   |   return 7 <line 5>
|   |   |   |   |   |   |   |   |   ack(m=0, n=7) <line 5>
|   |   |   |   |   |   |   |   |   return 8 <line 3>
|   |   |   |   |   |   |   |   return 8 <line 5>
|   |   |   |   |   |   |   |   ack(m=0, n=8) <line 5>
|   |   |   |   |   |   |   |   return 9 <line 3>
|   |   |   |   |   |   |   return 9 <line 5>
|   |   |   |   |   |   |   ack(m=0, n=9) <line 5>
|   |   |   |   |   |   |   return 10 <line 3>
|   |   |   |   |   |   return 10 <line 5>
|   |   |   |   |   |   ack(m=0, n=10) <line 5>
|   |   |   |   |   |   return 11 <line 3>
|   |   |   |   |   return 11 <line 5>
|   |   |   |   return 11 <line 5>
|   |   |   |   ack(m=1, n=11) <line 5>
|   |   |   |   |   ack(m=1, n=10) <line 5>
|   |   |   |   |   |   ack(m=1, n=9) <line 5>
|   |   |   |   |   |   |   ack(m=1, n=8) <line 5>
|   |   |   |   |   |   |   |   ack(m=1, n=7) <line 5>
|   |   |   |   |   |   |   |   |   ack(m=1, n=6) <line 5>
|   |   |   |   |   |   |   |   |   |   ack(m=1, n=5) <line 5>
|   |   |   |   |   |   |   |   |   |   |   ack(m=1, n=4) <line 5>
|   |   |   |   |   |   |   |   |   |   |   |   ack(m=1, n=3) <line 5>
|   |   |   |   |   |   |   |   |   |   |   |   |   ack(m=1, n=2) <line 5>
|   |   |   |   |   |   |   |   |   |   |   |   |   |   ack(m=1, n=1) <line 5>
|   |   |   |   |   |   |   |   |   |   |   |   |   |   |   ack(m=1, n=0) <line 5>
|   |   |   |   |   |   |   |   |   |   |   |   |   |   |   |   ack(m=0, n=1) <line 4>
|   |   |   |   |   |   |   |   |   |   |   |   |   |   |   |   return 2 <line 3>
|   |   |   |   |   |   |   |   |   |   |   |   |   |   |   return 2 <line 4>
|   |   |   |   |   |   |   |   |   |   |   |   |   |   |   ack(m=0, n=2) <line 5>
|   |   |   |   |   |   |   |   |   |   |   |   |   |   |   return 3 <line 3>
|   |   |   |   |   |   |   |   |   |   |   |   |   |   return 3 <line 5>
|   |   |   |   |   |   |   |   |   |   |   |   |   |   ack(m=0, n=3) <line 5>
|   |   |   |   |   |   |   |   |   |   |   |   |   |   return 4 <line 3>
|   |   |   |   |   |   |   |   |   |   |   |   |   return 4 <line 5>
|   |   |   |   |   |   |   |   |   |   |   |   |   ack(m=0, n=4) <line 5>
|   |   |   |   |   |   |   |   |   |   |   |   |   return 5 <line 3>
|   |   |   |   |   |   |   |   |   |   |   |   return 5 <line 5>
|   |   |   |   |   |   |   |   |   |   |   |   ack(m=0, n=5) <line 5>
|   |   |   |   |   |   |   |   |   |   |   |   return 6 <line 3>
|   |   |   |   |   |   |   |   |   |   |   return 6 <line 5>
|   |   |   |   |   |   |   |   |   |   |   ack(m=0, n=6) <line 5>
|   |   |   |   |   |   |   |   |   |   |   return 7 <line 3>
|   |   |   |   |   |   |   |   |   |   return 7 <line 5>
|   |   |   |   |   |   |   |   |   |   ack(m=0, n=7) <line 5>
|   |   |   |   |   |   |   |   |   |   return 8 <line 3>
|   |   |   |   |   |   |   |   |   return 8 <line 5>
|   |   |   |   |   |   |   |   |   ack(m=0, n=8) <line 5>
|   |   |   |   |   |   |   |   |   return 9 <line 3>
|   |   |   |   |   |   |   |   return 9 <line 5>
|   |   |   |   |   |   |   |   ack(m=0, n=9) <line 5>
|   |   |   |   |   |   |   |   return 10 <line 3>
|   |   |   |   |   |   |   return 10 <line 5>
|   |   |   |   |   |   |   ack(m=0, n=10) <line 5>
|   |   |   |   |   |   |   return 11 <line 3>
|   |   |   |   |   |   return 11 <line 5>
|   |   |   |   |   |   ack(m=0, n=11) <line 5>
|   |   |   |   |   |   return 12 <line 3>
|   |   |   |   |   return 12 <line 5>
|   |   |   |   |   ack(m=0, n=12) <line 5>
|   |   |   |   |   return 13 <line 3>
|   |   |   |   return 13 <line 5>
|   |   |   return 13 <line 5>
|   |   return 13 <line 5>
|   |   ack(m=2, n=13) <line 5>
|   |   |   ack(m=2, n=12) <line 5>
|   |   |   |   ack(m=2, n=11) <line 5>
|   |   |   |   |   ack(m=2, n=10) <line 5>
|   |   |   |   |   |   ack(m=2, n=9) <line 5>
|   |   |   |   |   |   |   ack(m=2, n=8) <line 5>
|   |   |   |   |   |   |   |   ack(m=2, n=7) <line 5>
|   |   |   |   |   |   |   |   |   ack(m=2, n=6) <line 5>
|   |   |   |   |   |   |   |   |   |   ack(m=2, n=5) <line 5>
|   |   |   |   |   |   |   |   |   |   |   ack(m=2, n=4) <line 5>
|   |   |   |   |   |   |   |   |   |   |   |   ack(m=2, n=3) <line 5>
|   |   |   |   |   |   |   |   |   |   |   |   |   ack(m=2, n=2) <line 5>
|   |   |   |   |   |   |   |   |   |   |   |   |   |   ack(m=2, n=1) <line 5>
|   |   |   |   |   |   |   |   |   |   |   |   |   |   |   ack(m=2, n=0) <line 5>
|   |   |   |   |   |   |   |   |   |   |   |   |   |   |   |   ack(m=1, n=1) <line 4>
|   |   |   |   |   |   |   |   |   |   |   |   |   |   |   |   |   ack(m=1, n=0) <line 5>
|   |   |   |   |   |   |   |   |   |   |   |   |   |   |   |   |   |   ack(m=0, n=1) <line 4>
|   |   |   |   |   |   |   |   |   |   |   |   |   |   |   |   |   |   return 2 <line 3>
|   |   |   |   |   |   |   |   |   |   |   |   |   |   |   |   |   return 2 <line 4>
|   |   |   |   |   |   |   |   |   |   |   |   |   |   |   |   |   ack(m=0, n=2) <line 5>
|   |   |   |   |   |   |   |   |   |   |   |   |   |   |   |   |   return 3 <line 3>
|   |   |   |   |   |   |   |   |   |   |   |   |   |   |   |   return 3 <line 5>
|   |   |   |   |   |   |   |   |   |   |   |   |   |   |   return 3 <line 4>
|   |   |   |   |   |   |   |   |   |   |   |   |   |   |   ack(m=1, n=3) <line 5>
|   |   |   |   |   |   |   |   |   |   |   |   |   |   |   |   ack(m=1, n=2) <line 5>
|   |   |   |   |   |   |   |   |   |   |   |   |   |   |   |   |   ack(m=1, n=1) <line 5>
|   |   |   |   |   |   |   |   |   |   |   |   |   |   |   |   |   |   ack(m=1, n=0) <line 5>
|   |   |   |   |   |   |   |   |   |   |   |   |   |   |   |   |   |   |   ack(m=0, n=1) <line 4>
|   |   |   |   |   |   |   |   |   |   |   |   |   |   |   |   |   |   |   return 2 <line 3>
|   |   |   |   |   |   |   |   |   |   |   |   |   |   |   |   |   |   return 2 <line 4>
|   |   |   |   |   |   |   |   |   |   |   |   |   |   |   |   |   |   ack(m=0, n=2) <line 5>
|   |   |   |   |   |   |   |   |   |   |   |   |   |   |   |   |   |   return 3 <line 3>
|   |   |   |   |   |   |   |   |   |   |   |   |   |   |   |   |   return 3 <line 5>
|   |   |   |   |   |   |   |   |   |   |   |   |   |   |   |   |   ack(m=0, n=3) <line 5>
|   |   |   |   |   |   |   |   |   |   |   |   |   |   |   |   |   return 4 <line 3>
|   |   |   |   |   |   |   |   |   |   |   |   |   |   |   |   return 4 <line 5>
|   |   |   |   |   |   |   |   |   |   |   |   |   |   |   |   ack(m=0, n=4) <line 5>
|   |   |   |   |   |   |   |   |   |   |   |   |   |   |   |   return 5 <line 3>
|   |   |   |   |   |   |   |   |   |   |   |   |   |   |   return 5 <line 5>
|   |   |   |   |   |   |   |   |   |   |   |   |   |   return 5 <line 5>
|   |   |   |   |   |   |   |   |   |   |   |   |   |   ack(m=1, n=5) <line 5>
|   |   |   |   |   |   |   |   |   |   |   |   |   |   |   ack(m=1, n=4) <line 5>
|   |   |   |   |   |   |   |   |   |   |   |   |   |   |   |   ack(m=1, n=3) <line 5>
|   |   |   |   |   |   |   |   |   |   |   |   |   |   |   |   |   ack(m=1, n=2) <line 5>
|   |   |   |   |   |   |   |   |   |   |   |   |   |   |   |   |   |   ack(m=1, n=1) <line 5>
|   |   |   |   |   |   |   |   |   |   |   |   |   |   |   |   |   |   |   ack(m=1, n=0) <line 5>
|   |   |   |   |   |   |   |   |   |   |   |   |   |   |   |   |   |   |   |   ack(m=0, n=1) <line 4>
|   |   |   |   |   |   |   |   |   |   |   |   |   |   |   |   |   |   |   |   return 2 <line 3>
|   |   |   |   |   |   |   |   |   |   |   |   |   |   |   |   |   |   |   return 2 <line 4>
|   |   |   |   |   |   |   |   |   |   |   |   |   |   |   |   |   |   |   ack(m=0, n=2) <line 5>
|   |   |   |   |   |   |   |   |   |   |   |   |   |   |   |   |   |   |   return 3 <line 3>
|   |   |   |   |   |   |   |   |   |   |   |   |   |   |   |   |   |   return 3 <line 5>
|   |   |   |   |   |   |   |   |   |   |   |   |   |   |   |   |   |   ack(m=0, n=3) <line 5>
|   |   |   |   |   |   |   |   |   |   |   |   |   |   |   |   |   |   return 4 <line 3>
|   |   |   |   |   |   |   |   |   |   |   |   |   |   |   |   |   return 4 <line 5>
|   |   |   |   |   |   |   |   |   |   |   |   |   |   |   |   |   ack(m=0, n=4) <line 5>
|   |   |   |   |   |   |   |   |   |   |   |   |   |   |   |   |   return 5 <line 3>
|   |   |   |   |   |   |   |   |   |   |   |   |   |   |   |   return 5 <line 5>
|   |   |   |   |   |   |   |   |   |   |   |   |   |   |   |   ack(m=0, n=5) <line 5>
|   |   |   |   |   |   |   |   |   |   |   |   |   |   |   |   return 6 <line 3>
|   |   |   |   |   |   |   |   |   |   |   |   |   |   |   return 6 <line 5>
|   |   |   |   |   |   |   |   |   |   |   |   |   |   |   ack(m=0, n=6) <line 5>
|   |   |   |   |   |   |   |   |   |   |   |   |   |   |   return 7 <line 3>
|   |   |   |   |   |   |   |   |   |   |   |   |   |   return 7 <line 5>
|   |   |   |   |   |   |   |   |   |   |   |   |   return 7 <line 5>
|   |   |   |   |   |   |   |   |   |   |   |   |   ack(m=1, n=7) <line 5>
|   |   |   |   |   |   |   |   |   |   |   |   |   |   ack(m=1, n=6) <line 5>
|   |   |   |   |   |   |   |   |   |   |   |   |   |   |   ack(m=1, n=5) <line 5>
|   |   |   |   |   |   |   |   |   |   |   |   |   |   |   |   ack(m=1, n=4) <line 5>
|   |   |   |   |   |   |   |   |   |   |   |   |   |   |   |   |   ack(m=1, n=3) <line 5>
|   |   |   |   |   |   |   |   |   |   |   |   |   |   |   |   |   |   ack(m=1, n=2) <line 5>
|   |   |   |   |   |   |   |   |   |   |   |   |   |   |   |   |   |   |   ack(m=1, n=1) <line 5>
|   |   |   |   |   |   |   |   |   |   |   |   |   |   |   |   |   |   |   |   ack(m=1, n=0) <line 5>
|   |   |   |   |   |   |   |   |   |   |   |   |   |   |   |   |   |   |   |   |   ack(m=0, n=1) <line 4>
|   |   |   |   |   |   |   |   |   |   |   |   |   |   |   |   |   |   |   |   |   return 2 <line 3>
|   |   |   |   |   |   |   |   |   |   |   |   |   |   |   |   |   |   |   |   return 2 <line 4>
|   |   |   |   |   |   |   |   |   |   |   |   |   |   |   |   |   |   |   |   ack(m=0, n=2) <line 5>
|   |   |   |   |   |   |   |   |   |   |   |   |   |   |   |   |   |   |   |   return 3 <line 3>
|   |   |   |   |   |   |   |   |   |   |   |   |   |   |   |   |   |   |   return 3 <line 5>
|   |   |   |   |   |   |   |   |   |   |   |   |   |   |   |   |   |   |   ack(m=0, n=3) <line 5>
|   |   |   |   |   |   |   |   |   |   |   |   |   |   |   |   |   |   |   return 4 <line 3>
|   |   |   |   |   |   |   |   |   |   |   |   |   |   |   |   |   |   return 4 <line 5>
|   |   |   |   |   |   |   |   |   |   |   |   |   |   |   |   |   |   ack(m=0, n=4) <line 5>
|   |   |   |   |   |   |   |   |   |   |   |   |   |   |   |   |   |   return 5 <line 3>
|   |   |   |   |   |   |   |   |   |   |   |   |   |   |   |   |   return 5 <line 5>
|   |   |   |   |   |   |   |   |   |   |   |   |   |   |   |   |   ack(m=0, n=5) <line 5>
|   |   |   |   |   |   |   |   |   |   |   |   |   |   |   |   |   return 6 <line 3>
|   |   |   |   |   |   |   |   |   |   |   |   |   |   |   |   return 6 <line 5>
|   |   |   |   |   |   |   |   |   |   |   |   |   |   |   |   ack(m=0, n=6) <line 5>
|   |   |   |   |   |   |   |   |   |   |   |   |   |   |   |   return 7 <line 3>
|   |   |   |   |   |   |   |   |   |   |   |   |   |   |   return 7 <line 5>
|   |   |   |   |   |   |   |   |   |   |   |   |   |   |   ack(m=0, n=7) <line 5>
|   |   |   |   |   |   |   |   |   |   |   |   |   |   |   return 8 <line 3>
|   |   |   |   |   |   |   |   |   |   |   |   |   |   return 8 <line 5>
|   |   |   |   |   |   |   |   |   |   |   |   |   |   ack(m=0, n=8) <line 5>
|   |   |   |   |   |   |   |   |   |   |   |   |   |   return 9 <line 3>
|   |   |   |   |   |   |   |   |   |   |   |   |   return 9 <line 5>
|   |   |   |   |   |   |   |   |   |   |   |   return 9 <line 5>
|   |   |   |   |   |   |   |   |   |   |   |   ack(m=1, n=9) <line 5>
|   |   |   |   |   |   |   |   |   |   |   |   |   ack(m=1, n=8) <line 5>
|   |   |   |   |   |   |   |   |   |   |   |   |   |   ack(m=1, n=7) <line 5>
|   |   |   |   |   |   |   |   |   |   |   |   |   |   |   ack(m=1, n=6) <line 5>
|   |   |   |   |   |   |   |   |   |   |   |   |   |   |   |   ack(m=1, n=5) <line 5>
|   |   |   |   |   |   |   |   |   |   |   |   |   |   |   |   |   ack(m=1, n=4) <line 5>
|   |   |   |   |   |   |   |   |   |   |   |   |   |   |   |   |   |   ack(m=1, n=3) <line 5>
|   |   |   |   |   |   |   |   |   |   |   |   |   |   |   |   |   |   |   ack(m=1, n=2) <line 5>
|   |   |   |   |   |   |   |   |   |   |   |   |   |   |   |   |   |   |   |   ack(m=1, n=1) <line 5>
|   |   |   |   |   |   |   |   |   |   |   |   |   |   |   |   |   |   |   |   |   ack(m=1, n=0) <line 5>
|   |   |   |   |   |   |   |   |   |   |   |   |   |   |   |   |   |   |   |   |   |   ack(m=0, n=1) <line 4>
|   |   |   |   |   |   |   |   |   |   |   |   |   |   |   |   |   |   |   |   |   |   return 2 <line 3>
|   |   |   |   |   |   |   |   |   |   |   |   |   |   |   |   |   |   |   |   |   return 2 <line 4>
|   |   |   |   |   |   |   |   |   |   |   |   |   |   |   |   |   |   |   |   |   ack(m=0, n=2) <line 5>
|   |   |   |   |   |   |   |   |   |   |   |   |   |   |   |   |   |   |   |   |   return 3 <line 3>
|   |   |   |   |   |   |   |   |   |   |   |   |   |   |   |   |   |   |   |   return 3 <line 5>
|   |   |   |   |   |   |   |   |   |   |   |   |   |   |   |   |   |   |   |   ack(m=0, n=3) <line 5>
|   |   |   |   |   |   |   |   |   |   |   |   |   |   |   |   |   |   |   |   return 4 <line 3>
|   |   |   |   |   |   |   |   |   |   |   |   |   |   |   |   |   |   |   return 4 <line 5>
|   |   |   |   |   |   |   |   |   |   |   |   |   |   |   |   |   |   |   ack(m=0, n=4) <line 5>
|   |   |   |   |   |   |   |   |   |   |   |   |   |   |   |   |   |   |   return 5 <line 3>
|   |   |   |   |   |   |   |   |   |   |   |   |   |   |   |   |   |   return 5 <line 5>
|   |   |   |   |   |   |   |   |   |   |   |   |   |   |   |   |   |   ack(m=0, n=5) <line 5>
|   |   |   |   |   |   |   |   |   |   |   |   |   |   |   |   |   |   return 6 <line 3>
|   |   |   |   |   |   |   |   |   |   |   |   |   |   |   |   |   return 6 <line 5>
|   |   |   |   |   |   |   |   |   |   |   |   |   |   |   |   |   ack(m=0, n=6) <line 5>
|   |   |   |   |   |   |   |   |   |   |   |   |   |   |   |   |   return 7 <line 3>
|   |   |   |   |   |   |   |   |   |   |   |   |   |   |   |   return 7 <line 5>
|   |   |   |   |   |   |   |   |   |   |   |   |   |   |   |   ack(m=0, n=7) <line 5>
|   |   |   |   |   |   |   |   |   |   |   |   |   |   |   |   return 8 <line 3>
|   |   |   |   |   |   |   |   |   |   |   |   |   |   |   return 8 <line 5>
|   |   |   |   |   |   |   |   |   |   |   |   |   |   |   ack(m=0, n=8) <line 5>
|   |   |   |   |   |   |   |   |   |   |   |   |   |   |   return 9 <line 3>
|   |   |   |   |   |   |   |   |   |   |   |   |   |   return 9 <line 5>
|   |   |   |   |   |   |   |   |   |   |   |   |   |   ack(m=0, n=9) <line 5>
|   |   |   |   |   |   |   |   |   |   |   |   |   |   return 10 <line 3>
|   |   |   |   |   |   |   |   |   |   |   |   |   return 10 <line 5>
|   |   |   |   |   |   |   |   |   |   |   |   |   ack(m=0, n=10) <line 5>
|   |   |   |   |   |   |   |   |   |   |   |   |   return 11 <line 3>
|   |   |   |   |   |   |   |   |   |   |   |   return 11 <line 5>
|   |   |   |   |   |   |   |   |   |   |   return 11 <line 5>
|   |   |   |   |   |   |   |   |   |   |   ack(m=1, n=11) <line 5>
|   |   |   |   |   |   |   |   |   |   |   |   ack(m=1, n=10) <line 5>
|   |   |   |   |   |   |   |   |   |   |   |   |   ack(m=1, n=9) <line 5>
|   |   |   |   |   |   |   |   |   |   |   |   |   |   ack(m=1, n=8) <line 5>
|   |   |   |   |   |   |   |   |   |   |   |   |   |   |   ack(m=1, n=7) <line 5>
|   |   |   |   |   |   |   |   |   |   |   |   |   |   |   |   ack(m=1, n=6) <line 5>
|   |   |   |   |   |   |   |   |   |   |   |   |   |   |   |   |   ack(m=1, n=5) <line 5>
|   |   |   |   |   |   |   |   |   |   |   |   |   |   |   |   |   |   ack(m=1, n=4) <line 5>
|   |   |   |   |   |   |   |   |   |   |   |   |   |   |   |   |   |   |   ack(m=1, n=3) <line 5>
|   |   |   |   |   |   |   |   |   |   |   |   |   |   |   |   |   |   |   |   ack(m=1, n=2) <line 5>
|   |   |   |   |   |   |   |   |   |   |   |   |   |   |   |   |   |   |   |   |   ack(m=1, n=1) <line 5>
|   |   |   |   |   |   |   |   |   |   |   |   |   |   |   |   |   |   |   |   |   |   ack(m=1, n=0) <line 5>
|   |   |   |   |   |   |   |   |   |   |   |   |   |   |   |   |   |   |   |   |   |   |   ack(m=0, n=1) <line 4>
|   |   |   |   |   |   |   |   |   |   |   |   |   |   |   |   |   |   |   |   |   |   |   return 2 <line 3>
|   |   |   |   |   |   |   |   |   |   |   |   |   |   |   |   |   |   |   |   |   |   return 2 <line 4>
|   |   |   |   |   |   |   |   |   |   |   |   |   |   |   |   |   |   |   |   |   |   ack(m=0, n=2) <line 5>
|   |   |   |   |   |   |   |   |   |   |   |   |   |   |   |   |   |   |   |   |   |   return 3 <line 3>
|   |   |   |   |   |   |   |   |   |   |   |   |   |   |   |   |   |   |   |   |   return 3 <line 5>
|   |   |   |   |   |   |   |   |   |   |   |   |   |   |   |   |   |   |   |   |   ack(m=0, n=3) <line 5>
|   |   |   |   |   |   |   |   |   |   |   |   |   |   |   |   |   |   |   |   |   return 4 <line 3>
|   |   |   |   |   |   |   |   |   |   |   |   |   |   |   |   |   |   |   |   return 4 <line 5>
|   |   |   |   |   |   |   |   |   |   |   |   |   |   |   |   |   |   |   |   ack(m=0, n=4) <line 5>
|   |   |   |   |   |   |   |   |   |   |   |   |   |   |   |   |   |   |   |   return 5 <line 3>
|   |   |   |   |   |   |   |   |   |   |   |   |   |   |   |   |   |   |   return 5 <line 5>
|   |   |   |   |   |   |   |   |   |   |   |   |   |   |   |   |   |   |   ack(m=0, n=5) <line 5>
|   |   |   |   |   |   |   |   |   |   |   |   |   |   |   |   |   |   |   return 6 <line 3>
|   |   |   |   |   |   |   |   |   |   |   |   |   |   |   |   |   |   return 6 <line 5>
|   |   |   |   |   |   |   |   |   |   |   |   |   |   |   |   |   |   ack(m=0, n=6) <line 5>
|   |   |   |   |   |   |   |   |   |   |   |   |   |   |   |   |   |   return 7 <line 3>
|   |   |   |   |   |   |   |   |   |   |   |   |   |   |   |   |   return 7 <line 5>
|   |   |   |   |   |   |   |   |   |   |   |   |   |   |   |   |   ack(m=0, n=7) <line 5>
|   |   |   |   |   |   |   |   |   |   |   |   |   |   |   |   |   return 8 <line 3>
|   |   |   |   |   |   |   |   |   |   |   |   |   |   |   |   return 8 <line 5>
|   |   |   |   |   |   |   |   |   |   |   |   |   |   |   |   ack(m=0, n=8) <line 5>
|   |   |   |   |   |   |   |   |   |   |   |   |   |   |   |   return 9 <line 3>
|   |   |   |   |   |   |   |   |   |   |   |   |   |   |   return 9 <line 5>
|   |   |   |   |   |   |   |   |   |   |   |   |   |   |   ack(m=0, n=9) <line 5>
|   |   |   |   |   |   |   |   |   |   |   |   |   |   |   return 10 <line 3>
|   |   |   |   |   |   |   |   |   |   |   |   |   |   return 10 <line 5>
|   |   |   |   |   |   |   |   |   |   |   |   |   |   ack(m=0, n=10) <line 5>
|   |   |   |   |   |   |   |   |   |   |   |   |   |   return 11 <line 3>
|   |   |   |   |   |   |   |   |   |   |   |   |   return 11 <line 5>
|   |   |   |   |   |   |   |   |   |   |   |   |   ack(m=0, n=11) <line 5>
|   |   |   |   |   |   |   |   |   |   |   |   |   return 12 <line 3>
|   |   |   |   |   |   |   |   |   |   |   |   return 12 <line 5>
|   |   |   |   |   |   |   |   |   |   |   |   ack(m=0, n=12) <line 5>
|   |   |   |   |   |   |   |   |   |   |   |   return 13 <line 3>
|   |   |   |   |   |   |   |   |   |   |   return 13 <line 5>
|   |   |   |   |   |   |   |   |   |   return 13 <line 5>
|   |   |   |   |   |   |   |   |   |   ack(m=1, n=13) <line 5>
|   |   |   |   |   |   |   |   |   |   |   ack(m=1, n=12) <line 5>
|   |   |   |   |   |   |   |   |   |   |   |   ack(m=1, n=11) <line 5>
|   |   |   |   |   |   |   |   |   |   |   |   |   ack(m=1, n=10) <line 5>
|   |   |   |   |   |   |   |   |   |   |   |   |   |   ack(m=1, n=9) <line 5>
|   |   |   |   |   |   |   |   |   |   |   |   |   |   |   ack(m=1, n=8) <line 5>
|   |   |   |   |   |   |   |   |   |   |   |   |   |   |   |   ack(m=1, n=7) <line 5>
|   |   |   |   |   |   |   |   |   |   |   |   |   |   |   |   |   ack(m=1, n=6) <line 5>
|   |   |   |   |   |   |   |   |   |   |   |   |   |   |   |   |   |   ack(m=1, n=5) <line 5>
|   |   |   |   |   |   |   |   |   |   |   |   |   |   |   |   |   |   |   ack(m=1, n=4) <line 5>
|   |   |   |   |   |   |   |   |   |   |   |   |   |   |   |   |   |   |   |   ack(m=1, n=3) <line 5>
|   |   |   |   |   |   |   |   |   |   |   |   |   |   |   |   |   |   |   |   |   ack(m=1, n=2) <line 5>
|   |   |   |   |   |   |   |   |   |   |   |   |   |   |   |   |   |   |   |   |   |   ack(m=1, n=1) <line 5>
|   |   |   |   |   |   |   |   |   |   |   |   |   |   |   |   |   |   |   |   |   |   |   ack(m=1, n=0) <line 5>
|   |   |   |   |   |   |   |   |   |   |   |   |   |   |   |   |   |   |   |   |   |   |   |   ack(m=0, n=1) <line 4>
|   |   |   |   |   |   |   |   |   |   |   |   |   |   |   |   |   |   |   |   |   |   |   |   return 2 <line 3>
|   |   |   |   |   |   |   |   |   |   |   |   |   |   |   |   |   |   |   |   |   |   |   return 2 <line 4>
|   |   |   |   |   |   |   |   |   |   |   |   |   |   |   |   |   |   |   |   |   |   |   ack(m=0, n=2) <line 5>
|   |   |   |   |   |   |   |   |   |   |   |   |   |   |   |   |   |   |   |   |   |   |   return 3 <line 3>
|   |   |   |   |   |   |   |   |   |   |   |   |   |   |   |   |   |   |   |   |   |   return 3 <line 5>
|   |   |   |   |   |   |   |   |   |   |   |   |   |   |   |   |   |   |   |   |   |   ack(m=0, n=3) <line 5>
|   |   |   |   |   |   |   |   |   |   |   |   |   |   |   |   |   |   |   |   |   |   return 4 <line 3>
|   |   |   |   |   |   |   |   |   |   |   |   |   |   |   |   |   |   |   |   |   return 4 <line 5>
|   |   |   |   |   |   |   |   |   |   |   |   |   |   |   |   |   |   |   |   |   ack(m=0, n=4) <line 5>
|   |   |   |   |   |   |   |   |   |   |   |   |   |   |   |   |   |   |   |   |   return 5 <line 3>
|   |   |   |   |   |   |   |   |   |   |   |   |   |   |   |   |   |   |   |   return 5 <line 5>
|   |   |   |   |   |   |   |   |   |   |   |   |   |   |   |   |   |   |   |   ack(m=0, n=5) <line 5>
|   |   |   |   |   |   |   |   |   |   |   |   |   |   |   |   |   |   |   |   return 6 <line 3>
|   |   |   |   |   |   |   |   |   |   |   |   |   |   |   |   |   |   |   return 6 <line 5>
|   |   |   |   |   |   |   |   |   |   |   |   |   |   |   |   |   |   |   ack(m=0, n=6) <line 5>
|   |   |   |   |   |   |   |   |   |   |   |   |   |   |   |   |   |   |   return 7 <line 3>
|   |   |   |   |   |   |   |   |   |   |   |   |   |   |   |   |   |   return 7 <line 5>
|   |   |   |   |   |   |   |   |   |   |   |   |   |   |   |   |   |   ack(m=0, n=7) <line 5>
|   |   |   |   |   |   |   |   |   |   |   |   |   |   |   |   |   |   return 8 <line 3>
|   |   |   |   |   |   |   |   |   |   |   |   |   |   |   |   |   return 8 <line 5>
|   |   |   |   |   |   |   |   |   |   |   |   |   |   |   |   |   ack(m=0, n=8) <line 5>
|   |   |   |   |   |   |   |   |   |   |   |   |   |   |   |   |   return 9 <line 3>
|   |   |   |   |   |   |   |   |   |   |   |   |   |   |   |   return 9 <line 5>
|   |   |   |   |   |   |   |   |   |   |   |   |   |   |   |   ack(m=0, n=9) <line 5>
|   |   |   |   |   |   |   |   |   |   |   |   |   |   |   |   return 10 <line 3>
|   |   |   |   |   |   |   |   |   |   |   |   |   |   |   return 10 <line 5>
|   |   |   |   |   |   |   |   |   |   |   |   |   |   |   ack(m=0, n=10) <line 5>
|   |   |   |   |   |   |   |   |   |   |   |   |   |   |   return 11 <line 3>
|   |   |   |   |   |   |   |   |   |   |   |   |   |   return 11 <line 5>
|   |   |   |   |   |   |   |   |   |   |   |   |   |   ack(m=0, n=11) <line 5>
|   |   |   |   |   |   |   |   |   |   |   |   |   |   return 12 <line 3>
|   |   |   |   |   |   |   |   |   |   |   |   |   return 12 <line 5>
|   |   |   |   |   |   |   |   |   |   |   |   |   ack(m=0, n=12) <line 5>
|   |   |   |   |   |   |   |   |   |   |   |   |   return 13 <line 3>
|   |   |   |   |   |   |   |   |   |   |   |   return 13 <line 5>
|   |   |   |   |   |   |   |   |   |   |   |   ack(m=0, n=13) <line 5>
|   |   |   |   |   |   |   |   |   |   |   |   return 14 <line 3>
|   |   |   |   |   |   |   |   |   |   |   return 14 <line 5>
|   |   |   |   |   |   |   |   |   |   |   ack(m=0, n=14) <line 5>
|   |   |   |   |   |   |   |   |   |   |   return 15 <line 3>
|   |   |   |   |   |   |   |   |   |   return 15 <line 5>
|   |   |   |   |   |   |   |   |   return 15 <line 5>
|   |   |   |   |   |   |   |   |   ack(m=1, n=15) <line 5>
|   |   |   |   |   |   |   |   |   |   ack(m=1, n=14) <line 5>
|   |   |   |   |   |   |   |   |   |   |   ack(m=1, n=13) <line 5>
|   |   |   |   |   |   |   |   |   |   |   |   ack(m=1, n=12) <line 5>
|   |   |   |   |   |   |   |   |   |   |   |   |   ack(m=1, n=11) <line 5>
|   |   |   |   |   |   |   |   |   |   |   |   |   |   ack(m=1, n=10) <line 5>
|   |   |   |   |   |   |   |   |   |   |   |   |   |   |   ack(m=1, n=9) <line 5>
|   |   |   |   |   |   |   |   |   |   |   |   |   |   |   |   ack(m=1, n=8) <line 5>
|   |   |   |   |   |   |   |   |   |   |   |   |   |   |   |   |   ack(m=1, n=7) <line 5>
|   |   |   |   |   |   |   |   |   |   |   |   |   |   |   |   |   |   ack(m=1, n=6) <line 5>
|   |   |   |   |   |   |   |   |   |   |   |   |   |   |   |   |   |   |   ack(m=1, n=5) <line 5>
|   |   |   |   |   |   |   |   |   |   |   |   |   |   |   |   |   |   |   |   ack(m=1, n=4) <line 5>
|   |   |   |   |   |   |   |   |   |   |   |   |   |   |   |   |   |   |   |   |   ack(m=1, n=3) <line 5>
|   |   |   |   |   |   |   |   |   |   |   |   |   |   |   |   |   |   |   |   |   |   ack(m=1, n=2) <line 5>
|   |   |   |   |   |   |   |   |   |   |   |   |   |   |   |   |   |   |   |   |   |   |   ack(m=1, n=1) <line 5>
|   |   |   |   |   |   |   |   |   |   |   |   |   |   |   |   |   |   |   |   |   |   |   |   ack(m=1, n=0) <line 5>
|   |   |   |   |   |   |   |   |   |   |   |   |   |   |   |   |   |   |   |   |   |   |   |   |   ack(m=0, n=1) <line 4>
|   |   |   |   |   |   |   |   |   |   |   |   |   |   |   |   |   |   |   |   |   |   |   |   |   return 2 <line 3>
|   |   |   |   |   |   |   |   |   |   |   |   |   |   |   |   |   |   |   |   |   |   |   |   return 2 <line 4>
|   |   |   |   |   |   |   |   |   |   |   |   |   |   |   |   |   |   |   |   |   |   |   |   ack(m=0, n=2) <line 5>
|   |   |   |   |   |   |   |   |   |   |   |   |   |   |   |   |   |   |   |   |   |   |   |   return 3 <line 3>
|   |   |   |   |   |   |   |   |   |   |   |   |   |   |   |   |   |   |   |   |   |   |   return 3 <line 5>
|   |   |   |   |   |   |   |   |   |   |   |   |   |   |   |   |   |   |   |   |   |   |   ack(m=0, n=3) <line 5>
|   |   |   |   |   |   |   |   |   |   |   |   |   |   |   |   |   |   |   |   |   |   |   return 4 <line 3>
|   |   |   |   |   |   |   |   |   |   |   |   |   |   |   |   |   |   |   |   |   |   return 4 <line 5>
|   |   |   |   |   |   |   |   |   |   |   |   |   |   |   |   |   |   |   |   |   |   ack(m=0, n=4) <line 5>
|   |   |   |   |   |   |   |   |   |   |   |   |   |   |   |   |   |   |   |   |   |   return 5 <line 3>
|   |   |   |   |   |   |   |   |   |   |   |   |   |   |   |   |   |   |   |   |   return 5 <line 5>
|   |   |   |   |   |   |   |   |   |   |   |   |   |   |   |   |   |   |   |   |   ack(m=0, n=5) <line 5>
|   |   |   |   |   |   |   |   |   |   |   |   |   |   |   |   |   |   |   |   |   return 6 <line 3>
|   |   |   |   |   |   |   |   |   |   |   |   |   |   |   |   |   |   |   |   return 6 <line 5>
|   |   |   |   |   |   |   |   |   |   |   |   |   |   |   |   |   |   |   |   ack(m=0, n=6) <line 5>
|   |   |   |   |   |   |   |   |   |   |   |   |   |   |   |   |   |   |   |   return 7 <line 3>
|   |   |   |   |   |   |   |   |   |   |   |   |   |   |   |   |   |   |   return 7 <line 5>
|   |   |   |   |   |   |   |   |   |   |   |   |   |   |   |   |   |   |   ack(m=0, n=7) <line 5>
|   |   |   |   |   |   |   |   |   |   |   |   |   |   |   |   |   |   |   return 8 <line 3>
|   |   |   |   |   |   |   |   |   |   |   |   |   |   |   |   |   |   return 8 <line 5>
|   |   |   |   |   |   |   |   |   |   |   |   |   |   |   |   |   |   ack(m=0, n=8) <line 5>
|   |   |   |   |   |   |   |   |   |   |   |   |   |   |   |   |   |   return 9 <line 3>
|   |   |   |   |   |   |   |   |   |   |   |   |   |   |   |   |   return 9 <line 5>
|   |   |   |   |   |   |   |   |   |   |   |   |   |   |   |   |   ack(m=0, n=9) <line 5>
|   |   |   |   |   |   |   |   |   |   |   |   |   |   |   |   |   return 10 <line 3>
|   |   |   |   |   |   |   |   |   |   |   |   |   |   |   |   return 10 <line 5>
|   |   |   |   |   |   |   |   |   |   |   |   |   |   |   |   ack(m=0, n=10) <line 5>
|   |   |   |   |   |   |   |   |   |   |   |   |   |   |   |   return 11 <line 3>
|   |   |   |   |   |   |   |   |   |   |   |   |   |   |   return 11 <line 5>
|   |   |   |   |   |   |   |   |   |   |   |   |   |   |   ack(m=0, n=11) <line 5>
|   |   |   |   |   |   |   |   |   |   |   |   |   |   |   return 12 <line 3>
|   |   |   |   |   |   |   |   |   |   |   |   |   |   return 12 <line 5>
|   |   |   |   |   |   |   |   |   |   |   |   |   |   ack(m=0, n=12) <line 5>
|   |   |   |   |   |   |   |   |   |   |   |   |   |   return 13 <line 3>
|   |   |   |   |   |   |   |   |   |   |   |   |   return 13 <line 5>
|   |   |   |   |   |   |   |   |   |   |   |   |   ack(m=0, n=13) <line 5>
|   |   |   |   |   |   |   |   |   |   |   |   |   return 14 <line 3>
|   |   |   |   |   |   |   |   |   |   |   |   return 14 <line 5>
|   |   |   |   |   |   |   |   |   |   |   |   ack(m=0, n=14) <line 5>
|   |   |   |   |   |   |   |   |   |   |   |   return 15 <line 3>
|   |   |   |   |   |   |   |   |   |   |   return 15 <line 5>
|   |   |   |   |   |   |   |   |   |   |   ack(m=0, n=15) <line 5>
|   |   |   |   |   |   |   |   |   |   |   return 16 <line 3>
|   |   |   |   |   |   |   |   |   |   return 16 <line 5>
|   |   |   |   |   |   |   |   |   |   ack(m=0, n=16) <line 5>
|   |   |   |   |   |   |   |   |   |   return 17 <line 3>
|   |   |   |   |   |   |   |   |   return 17 <line 5>
|   |   |   |   |   |   |   |   return 17 <line 5>
|   |   |   |   |   |   |   |   ack(m=1, n=17) <line 5>
|   |   |   |   |   |   |   |   |   ack(m=1, n=16) <line 5>
|   |   |   |   |   |   |   |   |   |   ack(m=1, n=15) <line 5>
|   |   |   |   |   |   |   |   |   |   |   ack(m=1, n=14) <line 5>
|   |   |   |   |   |   |   |   |   |   |   |   ack(m=1, n=13) <line 5>
|   |   |   |   |   |   |   |   |   |   |   |   |   ack(m=1, n=12) <line 5>
|   |   |   |   |   |   |   |   |   |   |   |   |   |   ack(m=1, n=11) <line 5>
|   |   |   |   |   |   |   |   |   |   |   |   |   |   |   ack(m=1, n=10) <line 5>
|   |   |   |   |   |   |   |   |   |   |   |   |   |   |   |   ack(m=1, n=9) <line 5>
|   |   |   |   |   |   |   |   |   |   |   |   |   |   |   |   |   ack(m=1, n=8) <line 5>
|   |   |   |   |   |   |   |   |   |   |   |   |   |   |   |   |   |   ack(m=1, n=7) <line 5>
|   |   |   |   |   |   |   |   |   |   |   |   |   |   |   |   |   |   |   ack(m=1, n=6) <line 5>
|   |   |   |   |   |   |   |   |   |   |   |   |   |   |   |   |   |   |   |   ack(m=1, n=5) <line 5>
|   |   |   |   |   |   |   |   |   |   |   |   |   |   |   |   |   |   |   |   |   ack(m=1, n=4) <line 5>
|   |   |   |   |   |   |   |   |   |   |   |   |   |   |   |   |   |   |   |   |   |   ack(m=1, n=3) <line 5>
|   |   |   |   |   |   |   |   |   |   |   |   |   |   |   |   |   |   |   |   |   |   |   ack(m=1, n=2) <line 5>
|   |   |   |   |   |   |   |   |   |   |   |   |   |   |   |   |   |   |   |   |   |   |   |   ack(m=1, n=1) <line 5>
|   |   |   |   |   |   |   |   |   |   |   |   |   |   |   |   |   |   |   |   |   |   |   |   |   ack(m=1, n=0) <line 5>
|   |   |   |   |   |   |   |   |   |   |   |   |   |   |   |   |   |   |   |   |   |   |   |   |   |   ack(m=0, n=1) <line 4>
|   |   |   |   |   |   |   |   |   |   |   |   |   |   |   |   |   |   |   |   |   |   |   |   |   |   return 2 <line 3>
|   |   |   |   |   |   |   |   |   |   |   |   |   |   |   |   |   |   |   |   |   |   |   |   |   return 2 <line 4>
|   |   |   |   |   |   |   |   |   |   |   |   |   |   |   |   |   |   |   |   |   |   |   |   |   ack(m=0, n=2) <line 5>
|   |   |   |   |   |   |   |   |   |   |   |   |   |   |   |   |   |   |   |   |   |   |   |   |   return 3 <line 3>
|   |   |   |   |   |   |   |   |   |   |   |   |   |   |   |   |   |   |   |   |   |   |   |   return 3 <line 5>
|   |   |   |   |   |   |   |   |   |   |   |   |   |   |   |   |   |   |   |   |   |   |   |   ack(m=0, n=3) <line 5>
|   |   |   |   |   |   |   |   |   |   |   |   |   |   |   |   |   |   |   |   |   |   |   |   return 4 <line 3>
|   |   |   |   |   |   |   |   |   |   |   |   |   |   |   |   |   |   |   |   |   |   |   return 4 <line 5>
|   |   |   |   |   |   |   |   |   |   |   |   |   |   |   |   |   |   |   |   |   |   |   ack(m=0, n=4) <line 5>
|   |   |   |   |   |   |   |   |   |   |   |   |   |   |   |   |   |   |   |   |   |   |   return 5 <line 3>
|   |   |   |   |   |   |   |   |   |   |   |   |   |   |   |   |   |   |   |   |   |   return 5 <line 5>
|   |   |   |   |   |   |   |   |   |   |   |   |   |   |   |   |   |   |   |   |   |   ack(m=0, n=5) <line 5>
|   |   |   |   |   |   |   |   |   |   |   |   |   |   |   |   |   |   |   |   |   |   return 6 <line 3>
|   |   |   |   |   |   |   |   |   |   |   |   |   |   |   |   |   |   |   |   |   return 6 <line 5>
|   |   |   |   |   |   |   |   |   |   |   |   |   |   |   |   |   |   |   |   |   ack(m=0, n=6) <line 5>
|   |   |   |   |   |   |   |   |   |   |   |   |   |   |   |   |   |   |   |   |   return 7 <line 3>
|   |   |   |   |   |   |   |   |   |   |   |   |   |   |   |   |   |   |   |   return 7 <line 5>
|   |   |   |   |   |   |   |   |   |   |   |   |   |   |   |   |   |   |   |   ack(m=0, n=7) <line 5>
|   |   |   |   |   |   |   |   |   |   |   |   |   |   |   |   |   |   |   |   return 8 <line 3>
|   |   |   |   |   |   |   |   |   |   |   |   |   |   |   |   |   |   |   return 8 <line 5>
|   |   |   |   |   |   |   |   |   |   |   |   |   |   |   |   |   |   |   ack(m=0, n=8) <line 5>
|   |   |   |   |   |   |   |   |   |   |   |   |   |   |   |   |   |   |   return 9 <line 3>
|   |   |   |   |   |   |   |   |   |   |   |   |   |   |   |   |   |   return 9 <line 5>
|   |   |   |   |   |   |   |   |   |   |   |   |   |   |   |   |   |   ack(m=0, n=9) <line 5>
|   |   |   |   |   |   |   |   |   |   |   |   |   |   |   |   |   |   return 10 <line 3>
|   |   |   |   |   |   |   |   |   |   |   |   |   |   |   |   |   return 10 <line 5>
|   |   |   |   |   |   |   |   |   |   |   |   |   |   |   |   |   ack(m=0, n=10) <line 5>
|   |   |   |   |   |   |   |   |   |   |   |   |   |   |   |   |   return 11 <line 3>
|   |   |   |   |   |   |   |   |   |   |   |   |   |   |   |   return 11 <line 5>
|   |   |   |   |   |   |   |   |   |   |   |   |   |   |   |   ack(m=0, n=11) <line 5>
|   |   |   |   |   |   |   |   |   |   |   |   |   |   |   |   return 12 <line 3>
|   |   |   |   |   |   |   |   |   |   |   |   |   |   |   return 12 <line 5>
|   |   |   |   |   |   |   |   |   |   |   |   |   |   |   ack(m=0, n=12) <line 5>
|   |   |   |   |   |   |   |   |   |   |   |   |   |   |   return 13 <line 3>
|   |   |   |   |   |   |   |   |   |   |   |   |   |   return 13 <line 5>
|   |   |   |   |   |   |   |   |   |   |   |   |   |   ack(m=0, n=13) <line 5>
|   |   |   |   |   |   |   |   |   |   |   |   |   |   return 14 <line 3>
|   |   |   |   |   |   |   |   |   |   |   |   |   return 14 <line 5>
|   |   |   |   |   |   |   |   |   |   |   |   |   ack(m=0, n=14) <line 5>
|   |   |   |   |   |   |   |   |   |   |   |   |   return 15 <line 3>
|   |   |   |   |   |   |   |   |   |   |   |   return 15 <line 5>
|   |   |   |   |   |   |   |   |   |   |   |   ack(m=0, n=15) <line 5>
|   |   |   |   |   |   |   |   |   |   |   |   return 16 <line 3>
|   |   |   |   |   |   |   |   |   |   |   return 16 <line 5>
|   |   |   |   |   |   |   |   |   |   |   ack(m=0, n=16) <line 5>
|   |   |   |   |   |   |   |   |   |   |   return 17 <line 3>
|   |   |   |   |   |   |   |   |   |   return 17 <line 5>
|   |   |   |   |   |   |   |   |   |   ack(m=0, n=17) <line 5>
|   |   |   |   |   |   |   |   |   |   return 18 <line 3>
|   |   |   |   |   |   |   |   |   return 18 <line 5>
|   |   |   |   |   |   |   |   |   ack(m=0, n=18) <line 5>
|   |   |   |   |   |   |   |   |   return 19 <line 3>
|   |   |   |   |   |   |   |   return 19 <line 5>
|   |   |   |   |   |   |   return 19 <line 5>
|   |   |   |   |   |   |   ack(m=1, n=19) <line 5>
|   |   |   |   |   |   |   |   ack(m=1, n=18) <line 5>
|   |   |   |   |   |   |   |   |   ack(m=1, n=17) <line 5>
|   |   |   |   |   |   |   |   |   |   ack(m=1, n=16) <line 5>
|   |   |   |   |   |   |   |   |   |   |   ack(m=1, n=15) <line 5>
|   |   |   |   |   |   |   |   |   |   |   |   ack(m=1, n=14) <line 5>
|   |   |   |   |   |   |   |   |   |   |   |   |   ack(m=1, n=13) <line 5>
|   |   |   |   |   |   |   |   |   |   |   |   |   |   ack(m=1, n=12) <line 5>
|   |   |   |   |   |   |   |   |   |   |   |   |   |   |   ack(m=1, n=11) <line 5>
|   |   |   |   |   |   |   |   |   |   |   |   |   |   |   |   ack(m=1, n=10) <line 5>
|   |   |   |   |   |   |   |   |   |   |   |   |   |   |   |   |   ack(m=1, n=9) <line 5>
|   |   |   |   |   |   |   |   |   |   |   |   |   |   |   |   |   |   ack(m=1, n=8) <line 5>
|   |   |   |   |   |   |   |   |   |   |   |   |   |   |   |   |   |   |   ack(m=1, n=7) <line 5>
|   |   |   |   |   |   |   |   |   |   |   |   |   |   |   |   |   |   |   |   ack(m=1, n=6) <line 5>
|   |   |   |   |   |   |   |   |   |   |   |   |   |   |   |   |   |   |   |   |   ack(m=1, n=5) <line 5>
|   |   |   |   |   |   |   |   |   |   |   |   |   |   |   |   |   |   |   |   |   |   ack(m=1, n=4) <line 5>
|   |   |   |   |   |   |   |   |   |   |   |   |   |   |   |   |   |   |   |   |   |   |   ack(m=1, n=3) <line 5>
|   |   |   |   |   |   |   |   |   |   |   |   |   |   |   |   |   |   |   |   |   |   |   |   ack(m=1, n=2) <line 5>
|   |   |   |   |   |   |   |   |   |   |   |   |   |   |   |   |   |   |   |   |   |   |   |   |   ack(m=1, n=1) <line 5>
|   |   |   |   |   |   |   |   |   |   |   |   |   |   |   |   |   |   |   |   |   |   |   |   |   |   ack(m=1, n=0) <line 5>
|   |   |   |   |   |   |   |   |   |   |   |   |   |   |   |   |   |   |   |   |   |   |   |   |   |   |   ack(m=0, n=1) <line 4>
|   |   |   |   |   |   |   |   |   |   |   |   |   |   |   |   |   |   |   |   |   |   |   |   |   |   |   return 2 <line 3>
|   |   |   |   |   |   |   |   |   |   |   |   |   |   |   |   |   |   |   |   |   |   |   |   |   |   return 2 <line 4>
|   |   |   |   |   |   |   |   |   |   |   |   |   |   |   |   |   |   |   |   |   |   |   |   |   |   ack(m=0, n=2) <line 5>
|   |   |   |   |   |   |   |   |   |   |   |   |   |   |   |   |   |   |   |   |   |   |   |   |   |   return 3 <line 3>
|   |   |   |   |   |   |   |   |   |   |   |   |   |   |   |   |   |   |   |   |   |   |   |   |   return 3 <line 5>
|   |   |   |   |   |   |   |   |   |   |   |   |   |   |   |   |   |   |   |   |   |   |   |   |   ack(m=0, n=3) <line 5>
|   |   |   |   |   |   |   |   |   |   |   |   |   |   |   |   |   |   |   |   |   |   |   |   |   return 4 <line 3>
|   |   |   |   |   |   |   |   |   |   |   |   |   |   |   |   |   |   |   |   |   |   |   |   return 4 <line 5>
|   |   |   |   |   |   |   |   |   |   |   |   |   |   |   |   |   |   |   |   |   |   |   |   ack(m=0, n=4) <line 5>
|   |   |   |   |   |   |   |   |   |   |   |   |   |   |   |   |   |   |   |   |   |   |   |   return 5 <line 3>
|   |   |   |   |   |   |   |   |   |   |   |   |   |   |   |   |   |   |   |   |   |   |   return 5 <line 5>
|   |   |   |   |   |   |   |   |   |   |   |   |   |   |   |   |   |   |   |   |   |   |   ack(m=0, n=5) <line 5>
|   |   |   |   |   |   |   |   |   |   |   |   |   |   |   |   |   |   |   |   |   |   |   return 6 <line 3>
|   |   |   |   |   |   |   |   |   |   |   |   |   |   |   |   |   |   |   |   |   |   return 6 <line 5>
|   |   |   |   |   |   |   |   |   |   |   |   |   |   |   |   |   |   |   |   |   |   ack(m=0, n=6) <line 5>
|   |   |   |   |   |   |   |   |   |   |   |   |   |   |   |   |   |   |   |   |   |   return 7 <line 3>
|   |   |   |   |   |   |   |   |   |   |   |   |   |   |   |   |   |   |   |   |   return 7 <line 5>
|   |   |   |   |   |   |   |   |   |   |   |   |   |   |   |   |   |   |   |   |   ack(m=0, n=7) <line 5>
|   |   |   |   |   |   |   |   |   |   |   |   |   |   |   |   |   |   |   |   |   return 8 <line 3>
|   |   |   |   |   |   |   |   |   |   |   |   |   |   |   |   |   |   |   |   return 8 <line 5>
|   |   |   |   |   |   |   |   |   |   |   |   |   |   |   |   |   |   |   |   ack(m=0, n=8) <line 5>
|   |   |   |   |   |   |   |   |   |   |   |   |   |   |   |   |   |   |   |   return 9 <line 3>
|   |   |   |   |   |   |   |   |   |   |   |   |   |   |   |   |   |   |   return 9 <line 5>
|   |   |   |   |   |   |   |   |   |   |   |   |   |   |   |   |   |   |   ack(m=0, n=9) <line 5>
|   |   |   |   |   |   |   |   |   |   |   |   |   |   |   |   |   |   |   return 10 <line 3>
|   |   |   |   |   |   |   |   |   |   |   |   |   |   |   |   |   |   return 10 <line 5>
|   |   |   |   |   |   |   |   |   |   |   |   |   |   |   |   |   |   ack(m=0, n=10) <line 5>
|   |   |   |   |   |   |   |   |   |   |   |   |   |   |   |   |   |   return 11 <line 3>
|   |   |   |   |   |   |   |   |   |   |   |   |   |   |   |   |   return 11 <line 5>
|   |   |   |   |   |   |   |   |   |   |   |   |   |   |   |   |   ack(m=0, n=11) <line 5>
|   |   |   |   |   |   |   |   |   |   |   |   |   |   |   |   |   return 12 <line 3>
|   |   |   |   |   |   |   |   |   |   |   |   |   |   |   |   return 12 <line 5>
|   |   |   |   |   |   |   |   |   |   |   |   |   |   |   |   ack(m=0, n=12) <line 5>
|   |   |   |   |   |   |   |   |   |   |   |   |   |   |   |   return 13 <line 3>
|   |   |   |   |   |   |   |   |   |   |   |   |   |   |   return 13 <line 5>
|   |   |   |   |   |   |   |   |   |   |   |   |   |   |   ack(m=0, n=13) <line 5>
|   |   |   |   |   |   |   |   |   |   |   |   |   |   |   return 14 <line 3>
|   |   |   |   |   |   |   |   |   |   |   |   |   |   return 14 <line 5>
|   |   |   |   |   |   |   |   |   |   |   |   |   |   ack(m=0, n=14) <line 5>
|   |   |   |   |   |   |   |   |   |   |   |   |   |   return 15 <line 3>
|   |   |   |   |   |   |   |   |   |   |   |   |   return 15 <line 5>
|   |   |   |   |   |   |   |   |   |   |   |   |   ack(m=0, n=15) <line 5>
|   |   |   |   |   |   |   |   |   |   |   |   |   return 16 <line 3>
|   |   |   |   |   |   |   |   |   |   |   |   return 16 <line 5>
|   |   |   |   |   |   |   |   |   |   |   |   ack(m=0, n=16) <line 5>
|   |   |   |   |   |   |   |   |   |   |   |   return 17 <line 3>
|   |   |   |   |   |   |   |   |   |   |   return 17 <line 5>
|   |   |   |   |   |   |   |   |   |   |   ack(m=0, n=17) <line 5>
|   |   |   |   |   |   |   |   |   |   |   return 18 <line 3>
|   |   |   |   |   |   |   |   |   |   return 18 <line 5>
|   |   |   |   |   |   |   |   |   |   ack(m=0, n=18) <line 5>
|   |   |   |   |   |   |   |   |   |   return 19 <line 3>
|   |   |   |   |   |   |   |   |   return 19 <line 5>
|   |   |   |   |   |   |   |   |   ack(m=0, n=19) <line 5>
|   |   |   |   |   |   |   |   |   return 20 <line 3>
|   |   |   |   |   |   |   |   return 20 <line 5>
|   |   |   |   |   |   |   |   ack(m=0, n=20) <line 5>
|   |   |   |   |   |   |   |   return 21 <line 3>
|   |   |   |   |   |   |   return 21 <line 5>
|   |   |   |   |   |   return 21 <line 5>
|   |   |   |   |   |   ack(m=1, n=21) <line 5>
|   |   |   |   |   |   |   ack(m=1, n=20) <line 5>
|   |   |   |   |   |   |   |   ack(m=1, n=19) <line 5>
|   |   |   |   |   |   |   |   |   ack(m=1, n=18) <line 5>
|   |   |   |   |   |   |   |   |   |   ack(m=1, n=17) <line 5>
|   |   |   |   |   |   |   |   |   |   |   ack(m=1, n=16) <line 5>
|   |   |   |   |   |   |   |   |   |   |   |   ack(m=1, n=15) <line 5>
|   |   |   |   |   |   |   |   |   |   |   |   |   ack(m=1, n=14) <line 5>
|   |   |   |   |   |   |   |   |   |   |   |   |   |   ack(m=1, n=13) <line 5>
|   |   |   |   |   |   |   |   |   |   |   |   |   |   |   ack(m=1, n=12) <line 5>
|   |   |   |   |   |   |   |   |   |   |   |   |   |   |   |   ack(m=1, n=11) <line 5>
|   |   |   |   |   |   |   |   |   |   |   |   |   |   |   |   |   ack(m=1, n=10) <line 5>
|   |   |   |   |   |   |   |   |   |   |   |   |   |   |   |   |   |   ack(m=1, n=9) <line 5>
|   |   |   |   |   |   |   |   |   |   |   |   |   |   |   |   |   |   |   ack(m=1, n=8) <line 5>
|   |   |   |   |   |   |   |   |   |   |   |   |   |   |   |   |   |   |   |   ack(m=1, n=7) <line 5>
|   |   |   |   |   |   |   |   |   |   |   |   |   |   |   |   |   |   |   |   |   ack(m=1, n=6) <line 5>
|   |   |   |   |   |   |   |   |   |   |   |   |   |   |   |   |   |   |   |   |   |   ack(m=1, n=5) <line 5>
|   |   |   |   |   |   |   |   |   |   |   |   |   |   |   |   |   |   |   |   |   |   |   ack(m=1, n=4) <line 5>
|   |   |   |   |   |   |   |   |   |   |   |   |   |   |   |   |   |   |   |   |   |   |   |   ack(m=1, n=3) <line 5>
|   |   |   |   |   |   |   |   |   |   |   |   |   |   |   |   |   |   |   |   |   |   |   |   |   ack(m=1, n=2) <line 5>
|   |   |   |   |   |   |   |   |   |   |   |   |   |   |   |   |   |   |   |   |   |   |   |   |   |   ack(m=1, n=1) <line 5>
|   |   |   |   |   |   |   |   |   |   |   |   |   |   |   |   |   |   |   |   |   |   |   |   |   |   |   ack(m=1, n=0) <line 5>
|   |   |   |   |   |   |   |   |   |   |   |   |   |   |   |   |   |   |   |   |   |   |   |   |   |   |   |   ack(m=0, n=1) <line 4>
|   |   |   |   |   |   |   |   |   |   |   |   |   |   |   |   |   |   |   |   |   |   |   |   |   |   |   |   return 2 <line 3>
|   |   |   |   |   |   |   |   |   |   |   |   |   |   |   |   |   |   |   |   |   |   |   |   |   |   |   return 2 <line 4>
|   |   |   |   |   |   |   |   |   |   |   |   |   |   |   |   |   |   |   |   |   |   |   |   |   |   |   ack(m=0, n=2) <line 5>
|   |   |   |   |   |   |   |   |   |   |   |   |   |   |   |   |   |   |   |   |   |   |   |   |   |   |   return 3 <line 3>
|   |   |   |   |   |   |   |   |   |   |   |   |   |   |   |   |   |   |   |   |   |   |   |   |   |   return 3 <line 5>
|   |   |   |   |   |   |   |   |   |   |   |   |   |   |   |   |   |   |   |   |   |   |   |   |   |   ack(m=0, n=3) <line 5>
|   |   |   |   |   |   |   |   |   |   |   |   |   |   |   |   |   |   |   |   |   |   |   |   |   |   return 4 <line 3>
|   |   |   |   |   |   |   |   |   |   |   |   |   |   |   |   |   |   |   |   |   |   |   |   |   return 4 <line 5>
|   |   |   |   |   |   |   |   |   |   |   |   |   |   |   |   |   |   |   |   |   |   |   |   |   ack(m=0, n=4) <line 5>
|   |   |   |   |   |   |   |   |   |   |   |   |   |   |   |   |   |   |   |   |   |   |   |   |   return 5 <line 3>
|   |   |   |   |   |   |   |   |   |   |   |   |   |   |   |   |   |   |   |   |   |   |   |   return 5 <line 5>
|   |   |   |   |   |   |   |   |   |   |   |   |   |   |   |   |   |   |   |   |   |   |   |   ack(m=0, n=5) <line 5>
|   |   |   |   |   |   |   |   |   |   |   |   |   |   |   |   |   |   |   |   |   |   |   |   return 6 <line 3>
|   |   |   |   |   |   |   |   |   |   |   |   |   |   |   |   |   |   |   |   |   |   |   return 6 <line 5>
|   |   |   |   |   |   |   |   |   |   |   |   |   |   |   |   |   |   |   |   |   |   |   ack(m=0, n=6) <line 5>
|   |   |   |   |   |   |   |   |   |   |   |   |   |   |   |   |   |   |   |   |   |   |   return 7 <line 3>
|   |   |   |   |   |   |   |   |   |   |   |   |   |   |   |   |   |   |   |   |   |   return 7 <line 5>
|   |   |   |   |   |   |   |   |   |   |   |   |   |   |   |   |   |   |   |   |   |   ack(m=0, n=7) <line 5>
|   |   |   |   |   |   |   |   |   |   |   |   |   |   |   |   |   |   |   |   |   |   return 8 <line 3>
|   |   |   |   |   |   |   |   |   |   |   |   |   |   |   |   |   |   |   |   |   return 8 <line 5>
|   |   |   |   |   |   |   |   |   |   |   |   |   |   |   |   |   |   |   |   |   ack(m=0, n=8) <line 5>
|   |   |   |   |   |   |   |   |   |   |   |   |   |   |   |   |   |   |   |   |   return 9 <line 3>
|   |   |   |   |   |   |   |   |   |   |   |   |   |   |   |   |   |   |   |   return 9 <line 5>
|   |   |   |   |   |   |   |   |   |   |   |   |   |   |   |   |   |   |   |   ack(m=0, n=9) <line 5>
|   |   |   |   |   |   |   |   |   |   |   |   |   |   |   |   |   |   |   |   return 10 <line 3>
|   |   |   |   |   |   |   |   |   |   |   |   |   |   |   |   |   |   |   return 10 <line 5>
|   |   |   |   |   |   |   |   |   |   |   |   |   |   |   |   |   |   |   ack(m=0, n=10) <line 5>
|   |   |   |   |   |   |   |   |   |   |   |   |   |   |   |   |   |   |   return 11 <line 3>
|   |   |   |   |   |   |   |   |   |   |   |   |   |   |   |   |   |   return 11 <line 5>
|   |   |   |   |   |   |   |   |   |   |   |   |   |   |   |   |   |   ack(m=0, n=11) <line 5>
|   |   |   |   |   |   |   |   |   |   |   |   |   |   |   |   |   |   return 12 <line 3>
|   |   |   |   |   |   |   |   |   |   |   |   |   |   |   |   |   return 12 <line 5>
|   |   |   |   |   |   |   |   |   |   |   |   |   |   |   |   |   ack(m=0, n=12) <line 5>
|   |   |   |   |   |   |   |   |   |   |   |   |   |   |   |   |   return 13 <line 3>
|   |   |   |   |   |   |   |   |   |   |   |   |   |   |   |   return 13 <line 5>
|   |   |   |   |   |   |   |   |   |   |   |   |   |   |   |   ack(m=0, n=13) <line 5>
|   |   |   |   |   |   |   |   |   |   |   |   |   |   |   |   return 14 <line 3>
|   |   |   |   |   |   |   |   |   |   |   |   |   |   |   return 14 <line 5>
|   |   |   |   |   |   |   |   |   |   |   |   |   |   |   ack(m=0, n=14) <line 5>
|   |   |   |   |   |   |   |   |   |   |   |   |   |   |   return 15 <line 3>
|   |   |   |   |   |   |   |   |   |   |   |   |   |   return 15 <line 5>
|   |   |   |   |   |   |   |   |   |   |   |   |   |   ack(m=0, n=15) <line 5>
|   |   |   |   |   |   |   |   |   |   |   |   |   |   return 16 <line 3>
|   |   |   |   |   |   |   |   |   |   |   |   |   return 16 <line 5>
|   |   |   |   |   |   |   |   |   |   |   |   |   ack(m=0, n=16) <line 5>
|   |   |   |   |   |   |   |   |   |   |   |   |   return 17 <line 3>
|   |   |   |   |   |   |   |   |   |   |   |   return 17 <line 5>
|   |   |   |   |   |   |   |   |   |   |   |   ack(m=0, n=17) <line 5>
|   |   |   |   |   |   |   |   |   |   |   |   return 18 <line 3>
|   |   |   |   |   |   |   |   |   |   |   return 18 <line 5>
|   |   |   |   |   |   |   |   |   |   |   ack(m=0, n=18) <line 5>
|   |   |   |   |   |   |   |   |   |   |   return 19 <line 3>
|   |   |   |   |   |   |   |   |   |   return 19 <line 5>
|   |   |   |   |   |   |   |   |   |   ack(m=0, n=19) <line 5>
|   |   |   |   |   |   |   |   |   |   return 20 <line 3>
|   |   |   |   |   |   |   |   |   return 20 <line 5>
|   |   |   |   |   |   |   |   |   ack(m=0, n=20) <line 5>
|   |   |   |   |   |   |   |   |   return 21 <line 3>
|   |   |   |   |   |   |   |   return 21 <line 5>
|   |   |   |   |   |   |   |   ack(m=0, n=21) <line 5>
|   |   |   |   |   |   |   |   return 22 <line 3>
|   |   |   |   |   |   |   return 22 <line 5>
|   |   |   |   |   |   |   ack(m=0, n=22) <line 5>
|   |   |   |   |   |   |   return 23 <line 3>
|   |   |   |   |   |   return 23 <line 5>
|   |   |   |   |   return 23 <line 5>
|   |   |   |   |   ack(m=1, n=23) <line 5>
|   |   |   |   |   |   ack(m=1, n=22) <line 5>
|   |   |   |   |   |   |   ack(m=1, n=21) <line 5>
|   |   |   |   |   |   |   |   ack(m=1, n=20) <line 5>
|   |   |   |   |   |   |   |   |   ack(m=1, n=19) <line 5>
|   |   |   |   |   |   |   |   |   |   ack(m=1, n=18) <line 5>
|   |   |   |   |   |   |   |   |   |   |   ack(m=1, n=17) <line 5>
|   |   |   |   |   |   |   |   |   |   |   |   ack(m=1, n=16) <line 5>
|   |   |   |   |   |   |   |   |   |   |   |   |   ack(m=1, n=15) <line 5>
|   |   |   |   |   |   |   |   |   |   |   |   |   |   ack(m=1, n=14) <line 5>
|   |   |   |   |   |   |   |   |   |   |   |   |   |   |   ack(m=1, n=13) <line 5>
|   |   |   |   |   |   |   |   |   |   |   |   |   |   |   |   ack(m=1, n=12) <line 5>
|   |   |   |   |   |   |   |   |   |   |   |   |   |   |   |   |   ack(m=1, n=11) <line 5>
|   |   |   |   |   |   |   |   |   |   |   |   |   |   |   |   |   |   ack(m=1, n=10) <line 5>
|   |   |   |   |   |   |   |   |   |   |   |   |   |   |   |   |   |   |   ack(m=1, n=9) <line 5>
|   |   |   |   |   |   |   |   |   |   |   |   |   |   |   |   |   |   |   |   ack(m=1, n=8) <line 5>
|   |   |   |   |   |   |   |   |   |   |   |   |   |   |   |   |   |   |   |   |   ack(m=1, n=7) <line 5>
|   |   |   |   |   |   |   |   |   |   |   |   |   |   |   |   |   |   |   |   |   |   ack(m=1, n=6) <line 5>
|   |   |   |   |   |   |   |   |   |   |   |   |   |   |   |   |   |   |   |   |   |   |   ack(m=1, n=5) <line 5>
|   |   |   |   |   |   |   |   |   |   |   |   |   |   |   |   |   |   |   |   |   |   |   |   ack(m=1, n=4) <line 5>
|   |   |   |   |   |   |   |   |   |   |   |   |   |   |   |   |   |   |   |   |   |   |   |   |   ack(m=1, n=3) <line 5>
|   |   |   |   |   |   |   |   |   |   |   |   |   |   |   |   |   |   |   |   |   |   |   |   |   |   ack(m=1, n=2) <line 5>
|   |   |   |   |   |   |   |   |   |   |   |   |   |   |   |   |   |   |   |   |   |   |   |   |   |   |   ack(m=1, n=1) <line 5>
|   |   |   |   |   |   |   |   |   |   |   |   |   |   |   |   |   |   |   |   |   |   |   |   |   |   |   |   ack(m=1, n=0) <line 5>
|   |   |   |   |   |   |   |   |   |   |   |   |   |   |   |   |   |   |   |   |   |   |   |   |   |   |   |   |   ack(m=0, n=1) <line 4>
|   |   |   |   |   |   |   |   |   |   |   |   |   |   |   |   |   |   |   |   |   |   |   |   |   |   |   |   |   return 2 <line 3>
|   |   |   |   |   |   |   |   |   |   |   |   |   |   |   |   |   |   |   |   |   |   |   |   |   |   |   |   return 2 <line 4>
|   |   |   |   |   |   |   |   |   |   |   |   |   |   |   |   |   |   |   |   |   |   |   |   |   |   |   |   ack(m=0, n=2) <line 5>
|   |   |   |   |   |   |   |   |   |   |   |   |   |   |   |   |   |   |   |   |   |   |   |   |   |   |   |   return 3 <line 3>
|   |   |   |   |   |   |   |   |   |   |   |   |   |   |   |   |   |   |   |   |   |   |   |   |   |   |   return 3 <line 5>
|   |   |   |   |   |   |   |   |   |   |   |   |   |   |   |   |   |   |   |   |   |   |   |   |   |   |   ack(m=0, n=3) <line 5>
|   |   |   |   |   |   |   |   |   |   |   |   |   |   |   |   |   |   |   |   |   |   |   |   |   |   |   return 4 <line 3>
|   |   |   |   |   |   |   |   |   |   |   |   |   |   |   |   |   |   |   |   |   |   |   |   |   |   return 4 <line 5>
|   |   |   |   |   |   |   |   |   |   |   |   |   |   |   |   |   |   |   |   |   |   |   |   |   |   ack(m=0, n=4) <line 5>
|   |   |   |   |   |   |   |   |   |   |   |   |   |   |   |   |   |   |   |   |   |   |   |   |   |   return 5 <line 3>
|   |   |   |   |   |   |   |   |   |   |   |   |   |   |   |   |   |   |   |   |   |   |   |   |   return 5 <line 5>
|   |   |   |   |   |   |   |   |   |   |   |   |   |   |   |   |   |   |   |   |   |   |   |   |   ack(m=0, n=5) <line 5>
|   |   |   |   |   |   |   |   |   |   |   |   |   |   |   |   |   |   |   |   |   |   |   |   |   return 6 <line 3>
|   |   |   |   |   |   |   |   |   |   |   |   |   |   |   |   |   |   |   |   |   |   |   |   return 6 <line 5>
|   |   |   |   |   |   |   |   |   |   |   |   |   |   |   |   |   |   |   |   |   |   |   |   ack(m=0, n=6) <line 5>
|   |   |   |   |   |   |   |   |   |   |   |   |   |   |   |   |   |   |   |   |   |   |   |   return 7 <line 3>
|   |   |   |   |   |   |   |   |   |   |   |   |   |   |   |   |   |   |   |   |   |   |   return 7 <line 5>
|   |   |   |   |   |   |   |   |   |   |   |   |   |   |   |   |   |   |   |   |   |   |   ack(m=0, n=7) <line 5>
|   |   |   |   |   |   |   |   |   |   |   |   |   |   |   |   |   |   |   |   |   |   |   return 8 <line 3>
|   |   |   |   |   |   |   |   |   |   |   |   |   |   |   |   |   |   |   |   |   |   return 8 <line 5>
|   |   |   |   |   |   |   |   |   |   |   |   |   |   |   |   |   |   |   |   |   |   ack(m=0, n=8) <line 5>
|   |   |   |   |   |   |   |   |   |   |   |   |   |   |   |   |   |   |   |   |   |   return 9 <line 3>
|   |   |   |   |   |   |   |   |   |   |   |   |   |   |   |   |   |   |   |   |   return 9 <line 5>
|   |   |   |   |   |   |   |   |   |   |   |   |   |   |   |   |   |   |   |   |   ack(m=0, n=9) <line 5>
|   |   |   |   |   |   |   |   |   |   |   |   |   |   |   |   |   |   |   |   |   return 10 <line 3>
|   |   |   |   |   |   |   |   |   |   |   |   |   |   |   |   |   |   |   |   return 10 <line 5>
|   |   |   |   |   |   |   |   |   |   |   |   |   |   |   |   |   |   |   |   ack(m=0, n=10) <line 5>
|   |   |   |   |   |   |   |   |   |   |   |   |   |   |   |   |   |   |   |   return 11 <line 3>
|   |   |   |   |   |   |   |   |   |   |   |   |   |   |   |   |   |   |   return 11 <line 5>
|   |   |   |   |   |   |   |   |   |   |   |   |   |   |   |   |   |   |   ack(m=0, n=11) <line 5>
|   |   |   |   |   |   |   |   |   |   |   |   |   |   |   |   |   |   |   return 12 <line 3>
|   |   |   |   |   |   |   |   |   |   |   |   |   |   |   |   |   |   return 12 <line 5>
|   |   |   |   |   |   |   |   |   |   |   |   |   |   |   |   |   |   ack(m=0, n=12) <line 5>
|   |   |   |   |   |   |   |   |   |   |   |   |   |   |   |   |   |   return 13 <line 3>
|   |   |   |   |   |   |   |   |   |   |   |   |   |   |   |   |   return 13 <line 5>
|   |   |   |   |   |   |   |   |   |   |   |   |   |   |   |   |   ack(m=0, n=13) <line 5>
|   |   |   |   |   |   |   |   |   |   |   |   |   |   |   |   |   return 14 <line 3>
|   |   |   |   |   |   |   |   |   |   |   |   |   |   |   |   return 14 <line 5>
|   |   |   |   |   |   |   |   |   |   |   |   |   |   |   |   ack(m=0, n=14) <line 5>
|   |   |   |   |   |   |   |   |   |   |   |   |   |   |   |   return 15 <line 3>
|   |   |   |   |   |   |   |   |   |   |   |   |   |   |   return 15 <line 5>
|   |   |   |   |   |   |   |   |   |   |   |   |   |   |   ack(m=0, n=15) <line 5>
|   |   |   |   |   |   |   |   |   |   |   |   |   |   |   return 16 <line 3>
|   |   |   |   |   |   |   |   |   |   |   |   |   |   return 16 <line 5>
|   |   |   |   |   |   |   |   |   |   |   |   |   |   ack(m=0, n=16) <line 5>
|   |   |   |   |   |   |   |   |   |   |   |   |   |   return 17 <line 3>
|   |   |   |   |   |   |   |   |   |   |   |   |   return 17 <line 5>
|   |   |   |   |   |   |   |   |   |   |   |   |   ack(m=0, n=17) <line 5>
|   |   |   |   |   |   |   |   |   |   |   |   |   return 18 <line 3>
|   |   |   |   |   |   |   |   |   |   |   |   return 18 <line 5>
|   |   |   |   |   |   |   |   |   |   |   |   ack(m=0, n=18) <line 5>
|   |   |   |   |   |   |   |   |   |   |   |   return 19 <line 3>
|   |   |   |   |   |   |   |   |   |   |   return 19 <line 5>
|   |   |   |   |   |   |   |   |   |   |   ack(m=0, n=19) <line 5>
|   |   |   |   |   |   |   |   |   |   |   return 20 <line 3>
|   |   |   |   |   |   |   |   |   |   return 20 <line 5>
|   |   |   |   |   |   |   |   |   |   ack(m=0, n=20) <line 5>
|   |   |   |   |   |   |   |   |   |   return 21 <line 3>
|   |   |   |   |   |   |   |   |   return 21 <line 5>
|   |   |   |   |   |   |   |   |   ack(m=0, n=21) <line 5>
|   |   |   |   |   |   |   |   |   return 22 <line 3>
|   |   |   |   |   |   |   |   return 22 <line 5>
|   |   |   |   |   |   |   |   ack(m=0, n=22) <line 5>
|   |   |   |   |   |   |   |   return 23 <line 3>
|   |   |   |   |   |   |   return 23 <line 5>
|   |   |   |   |   |   |   ack(m=0, n=23) <line 5>
|   |   |   |   |   |   |   return 24 <line 3>
|   |   |   |   |   |   return 24 <line 5>
|   |   |   |   |   |   ack(m=0, n=24) <line 5>
|   |   |   |   |   |   return 25 <line 3>
|   |   |   |   |   return 25 <line 5>
|   |   |   |   return 25 <line 5>
|   |   |   |   ack(m=1, n=25) <line 5>
|   |   |   |   |   ack(m=1, n=24) <line 5>
|   |   |   |   |   |   ack(m=1, n=23) <line 5>
|   |   |   |   |   |   |   ack(m=1, n=22) <line 5>
|   |   |   |   |   |   |   |   ack(m=1, n=21) <line 5>
|   |   |   |   |   |   |   |   |   ack(m=1, n=20) <line 5>
|   |   |   |   |   |   |   |   |   |   ack(m=1, n=19) <line 5>
|   |   |   |   |   |   |   |   |   |   |   ack(m=1, n=18) <line 5>
|   |   |   |   |   |   |   |   |   |   |   |   ack(m=1, n=17) <line 5>
|   |   |   |   |   |   |   |   |   |   |   |   |   ack(m=1, n=16) <line 5>
|   |   |   |   |   |   |   |   |   |   |   |   |   |   ack(m=1, n=15) <line 5>
|   |   |   |   |   |   |   |   |   |   |   |   |   |   |   ack(m=1, n=14) <line 5>
|   |   |   |   |   |   |   |   |   |   |   |   |   |   |   |   ack(m=1, n=13) <line 5>
|   |   |   |   |   |   |   |   |   |   |   |   |   |   |   |   |   ack(m=1, n=12) <line 5>
|   |   |   |   |   |   |   |   |   |   |   |   |   |   |   |   |   |   ack(m=1, n=11) <line 5>
|   |   |   |   |   |   |   |   |   |   |   |   |   |   |   |   |   |   |   ack(m=1, n=10) <line 5>
|   |   |   |   |   |   |   |   |   |   |   |   |   |   |   |   |   |   |   |   ack(m=1, n=9) <line 5>
|   |   |   |   |   |   |   |   |   |   |   |   |   |   |   |   |   |   |   |   |   ack(m=1, n=8) <line 5>
|   |   |   |   |   |   |   |   |   |   |   |   |   |   |   |   |   |   |   |   |   |   ack(m=1, n=7) <line 5>
|   |   |   |   |   |   |   |   |   |   |   |   |   |   |   |   |   |   |   |   |   |   |   ack(m=1, n=6) <line 5>
|   |   |   |   |   |   |   |   |   |   |   |   |   |   |   |   |   |   |   |   |   |   |   |   ack(m=1, n=5) <line 5>
|   |   |   |   |   |   |   |   |   |   |   |   |   |   |   |   |   |   |   |   |   |   |   |   |   ack(m=1, n=4) <line 5>
|   |   |   |   |   |   |   |   |   |   |   |   |   |   |   |   |   |   |   |   |   |   |   |   |   |   ack(m=1, n=3) <line 5>
|   |   |   |   |   |   |   |   |   |   |   |   |   |   |   |   |   |   |   |   |   |   |   |   |   |   |   ack(m=1, n=2) <line 5>
|   |   |   |   |   |   |   |   |   |   |   |   |   |   |   |   |   |   |   |   |   |   |   |   |   |   |   |   ack(m=1, n=1) <line 5>
|   |   |   |   |   |   |   |   |   |   |   |   |   |   |   |   |   |   |   |   |   |   |   |   |   |   |   |   |   ack(m=1, n=0) <line 5>
|   |   |   |   |   |   |   |   |   |   |   |   |   |   |   |   |   |   |   |   |   |   |   |   |   |   |   |   |   |   ack(m=0, n=1) <line 4>
|   |   |   |   |   |   |   |   |   |   |   |   |   |   |   |   |   |   |   |   |   |   |   |   |   |   |   |   |   |   return 2 <line 3>
|   |   |   |   |   |   |   |   |   |   |   |   |   |   |   |   |   |   |   |   |   |   |   |   |   |   |   |   |   return 2 <line 4>
|   |   |   |   |   |   |   |   |   |   |   |   |   |   |   |   |   |   |   |   |   |   |   |   |   |   |   |   |   ack(m=0, n=2) <line 5>
|   |   |   |   |   |   |   |   |   |   |   |   |   |   |   |   |   |   |   |   |   |   |   |   |   |   |   |   |   return 3 <line 3>
|   |   |   |   |   |   |   |   |   |   |   |   |   |   |   |   |   |   |   |   |   |   |   |   |   |   |   |   return 3 <line 5>
|   |   |   |   |   |   |   |   |   |   |   |   |   |   |   |   |   |   |   |   |   |   |   |   |   |   |   |   ack(m=0, n=3) <line 5>
|   |   |   |   |   |   |   |   |   |   |   |   |   |   |   |   |   |   |   |   |   |   |   |   |   |   |   |   return 4 <line 3>
|   |   |   |   |   |   |   |   |   |   |   |   |   |   |   |   |   |   |   |   |   |   |   |   |   |   |   return 4 <line 5>
|   |   |   |   |   |   |   |   |   |   |   |   |   |   |   |   |   |   |   |   |   |   |   |   |   |   |   ack(m=0, n=4) <line 5>
|   |   |   |   |   |   |   |   |   |   |   |   |   |   |   |   |   |   |   |   |   |   |   |   |   |   |   return 5 <line 3>
|   |   |   |   |   |   |   |   |   |   |   |   |   |   |   |   |   |   |   |   |   |   |   |   |   |   return 5 <line 5>
|   |   |   |   |   |   |   |   |   |   |   |   |   |   |   |   |   |   |   |   |   |   |   |   |   |   ack(m=0, n=5) <line 5>
|   |   |   |   |   |   |   |   |   |   |   |   |   |   |   |   |   |   |   |   |   |   |   |   |   |   return 6 <line 3>
|   |   |   |   |   |   |   |   |   |   |   |   |   |   |   |   |   |   |   |   |   |   |   |   |   return 6 <line 5>
|   |   |   |   |   |   |   |   |   |   |   |   |   |   |   |   |   |   |   |   |   |   |   |   |   ack(m=0, n=6) <line 5>
|   |   |   |   |   |   |   |   |   |   |   |   |   |   |   |   |   |   |   |   |   |   |   |   |   return 7 <line 3>
|   |   |   |   |   |   |   |   |   |   |   |   |   |   |   |   |   |   |   |   |   |   |   |   return 7 <line 5>
|   |   |   |   |   |   |   |   |   |   |   |   |   |   |   |   |   |   |   |   |   |   |   |   ack(m=0, n=7) <line 5>
|   |   |   |   |   |   |   |   |   |   |   |   |   |   |   |   |   |   |   |   |   |   |   |   return 8 <line 3>
|   |   |   |   |   |   |   |   |   |   |   |   |   |   |   |   |   |   |   |   |   |   |   return 8 <line 5>
|   |   |   |   |   |   |   |   |   |   |   |   |   |   |   |   |   |   |   |   |   |   |   ack(m=0, n=8) <line 5>
|   |   |   |   |   |   |   |   |   |   |   |   |   |   |   |   |   |   |   |   |   |   |   return 9 <line 3>
|   |   |   |   |   |   |   |   |   |   |   |   |   |   |   |   |   |   |   |   |   |   return 9 <line 5>
|   |   |   |   |   |   |   |   |   |   |   |   |   |   |   |   |   |   |   |   |   |   ack(m=0, n=9) <line 5>
|   |   |   |   |   |   |   |   |   |   |   |   |   |   |   |   |   |   |   |   |   |   return 10 <line 3>
|   |   |   |   |   |   |   |   |   |   |   |   |   |   |   |   |   |   |   |   |   return 10 <line 5>
|   |   |   |   |   |   |   |   |   |   |   |   |   |   |   |   |   |   |   |   |   ack(m=0, n=10) <line 5>
|   |   |   |   |   |   |   |   |   |   |   |   |   |   |   |   |   |   |   |   |   return 11 <line 3>
|   |   |   |   |   |   |   |   |   |   |   |   |   |   |   |   |   |   |   |   return 11 <line 5>
|   |   |   |   |   |   |   |   |   |   |   |   |   |   |   |   |   |   |   |   ack(m=0, n=11) <line 5>
|   |   |   |   |   |   |   |   |   |   |   |   |   |   |   |   |   |   |   |   return 12 <line 3>
|   |   |   |   |   |   |   |   |   |   |   |   |   |   |   |   |   |   |   return 12 <line 5>
|   |   |   |   |   |   |   |   |   |   |   |   |   |   |   |   |   |   |   ack(m=0, n=12) <line 5>
|   |   |   |   |   |   |   |   |   |   |   |   |   |   |   |   |   |   |   return 13 <line 3>
|   |   |   |   |   |   |   |   |   |   |   |   |   |   |   |   |   |   return 13 <line 5>
|   |   |   |   |   |   |   |   |   |   |   |   |   |   |   |   |   |   ack(m=0, n=13) <line 5>
|   |   |   |   |   |   |   |   |   |   |   |   |   |   |   |   |   |   return 14 <line 3>
|   |   |   |   |   |   |   |   |   |   |   |   |   |   |   |   |   return 14 <line 5>
|   |   |   |   |   |   |   |   |   |   |   |   |   |   |   |   |   ack(m=0, n=14) <line 5>
|   |   |   |   |   |   |   |   |   |   |   |   |   |   |   |   |   return 15 <line 3>
|   |   |   |   |   |   |   |   |   |   |   |   |   |   |   |   return 15 <line 5>
|   |   |   |   |   |   |   |   |   |   |   |   |   |   |   |   ack(m=0, n=15) <line 5>
|   |   |   |   |   |   |   |   |   |   |   |   |   |   |   |   return 16 <line 3>
|   |   |   |   |   |   |   |   |   |   |   |   |   |   |   return 16 <line 5>
|   |   |   |   |   |   |   |   |   |   |   |   |   |   |   ack(m=0, n=16) <line 5>
|   |   |   |   |   |   |   |   |   |   |   |   |   |   |   return 17 <line 3>
|   |   |   |   |   |   |   |   |   |   |   |   |   |   return 17 <line 5>
|   |   |   |   |   |   |   |   |   |   |   |   |   |   ack(m=0, n=17) <line 5>
|   |   |   |   |   |   |   |   |   |   |   |   |   |   return 18 <line 3>
|   |   |   |   |   |   |   |   |   |   |   |   |   return 18 <line 5>
|   |   |   |   |   |   |   |   |   |   |   |   |   ack(m=0, n=18) <line 5>
|   |   |   |   |   |   |   |   |   |   |   |   |   return 19 <line 3>
|   |   |   |   |   |   |   |   |   |   |   |   return 19 <line 5>
|   |   |   |   |   |   |   |   |   |   |   |   ack(m=0, n=19) <line 5>
|   |   |   |   |   |   |   |   |   |   |   |   return 20 <line 3>
|   |   |   |   |   |   |   |   |   |   |   return 20 <line 5>
|   |   |   |   |   |   |   |   |   |   |   ack(m=0, n=20) <line 5>
|   |   |   |   |   |   |   |   |   |   |   return 21 <line 3>
|   |   |   |   |   |   |   |   |   |   return 21 <line 5>
|   |   |   |   |   |   |   |   |   |   ack(m=0, n=21) <line 5>
|   |   |   |   |   |   |   |   |   |   return 22 <line 3>
|   |   |   |   |   |   |   |   |   return 22 <line 5>
|   |   |   |   |   |   |   |   |   ack(m=0, n=22) <line 5>
|   |   |   |   |   |   |   |   |   return 23 <line 3>
|   |   |   |   |   |   |   |   return 23 <line 5>
|   |   |   |   |   |   |   |   ack(m=0, n=23) <line 5>
|   |   |   |   |   |   |   |   return 24 <line 3>
|   |   |   |   |   |   |   return 24 <line 5>
|   |   |   |   |   |   |   ack(m=0, n=24) <line 5>
|   |   |   |   |   |   |   return 25 <line 3>
|   |   |   |   |   |   return 25 <line 5>
|   |   |   |   |   |   ack(m=0, n=25) <line 5>
|   |   |   |   |   |   return 26 <line 3>
|   |   |   |   |   return 26 <line 5>
|   |   |   |   |   ack(m=0, n=26) <line 5>
|   |   |   |   |   return 27 <line 3>
|   |   |   |   return 27 <line 5>
|   |   |   return 27 <line 5>
|   |   |   ack(m=1, n=27) <line 5>
|   |   |   |   ack(m=1, n=26) <line 5>
|   |   |   |   |   ack(m=1, n=25) <line 5>
|   |   |   |   |   |   ack(m=1, n=24) <line 5>
|   |   |   |   |   |   |   ack(m=1, n=23) <line 5>
|   |   |   |   |   |   |   |   ack(m=1, n=22) <line 5>
|   |   |   |   |   |   |   |   |   ack(m=1, n=21) <line 5>
|   |   |   |   |   |   |   |   |   |   ack(m=1, n=20) <line 5>
|   |   |   |   |   |   |   |   |   |   |   ack(m=1, n=19) <line 5>
|   |   |   |   |   |   |   |   |   |   |   |   ack(m=1, n=18) <line 5>
|   |   |   |   |   |   |   |   |   |   |   |   |   ack(m=1, n=17) <line 5>
|   |   |   |   |   |   |   |   |   |   |   |   |   |   ack(m=1, n=16) <line 5>
|   |   |   |   |   |   |   |   |   |   |   |   |   |   |   ack(m=1, n=15) <line 5>
|   |   |   |   |   |   |   |   |   |   |   |   |   |   |   |   ack(m=1, n=14) <line 5>
|   |   |   |   |   |   |   |   |   |   |   |   |   |   |   |   |   ack(m=1, n=13) <line 5>
|   |   |   |   |   |   |   |   |   |   |   |   |   |   |   |   |   |   ack(m=1, n=12) <line 5>
|   |   |   |   |   |   |   |   |   |   |   |   |   |   |   |   |   |   |   ack(m=1, n=11) <line 5>
|   |   |   |   |   |   |   |   |   |   |   |   |   |   |   |   |   |   |   |   ack(m=1, n=10) <line 5>
|   |   |   |   |   |   |   |   |   |   |   |   |   |   |   |   |   |   |   |   |   ack(m=1, n=9) <line 5>
|   |   |   |   |   |   |   |   |   |   |   |   |   |   |   |   |   |   |   |   |   |   ack(m=1, n=8) <line 5>
|   |   |   |   |   |   |   |   |   |   |   |   |   |   |   |   |   |   |   |   |   |   |   ack(m=1, n=7) <line 5>
|   |   |   |   |   |   |   |   |   |   |   |   |   |   |   |   |   |   |   |   |   |   |   |   ack(m=1, n=6) <line 5>
|   |   |   |   |   |   |   |   |   |   |   |   |   |   |   |   |   |   |   |   |   |   |   |   |   ack(m=1, n=5) <line 5>
|   |   |   |   |   |   |   |   |   |   |   |   |   |   |   |   |   |   |   |   |   |   |   |   |   |   ack(m=1, n=4) <line 5>
|   |   |   |   |   |   |   |   |   |   |   |   |   |   |   |   |   |   |   |   |   |   |   |   |   |   |   ack(m=1, n=3) <line 5>
|   |   |   |   |   |   |   |   |   |   |   |   |   |   |   |   |   |   |   |   |   |   |   |   |   |   |   |   ack(m=1, n=2) <line 5>
|   |   |   |   |   |   |   |   |   |   |   |   |   |   |   |   |   |   |   |   |   |   |   |   |   |   |   |   |   ack(m=1, n=1) <line 5>
|   |   |   |   |   |   |   |   |   |   |   |   |   |   |   |   |   |   |   |   |   |   |   |   |   |   |   |   |   |   ack(m=1, n=0) <line 5>
|   |   |   |   |   |   |   |   |   |   |   |   |   |   |   |   |   |   |   |   |   |   |   |   |   |   |   |   |   |   |   ack(m=0, n=1) <line 4>
|   |   |   |   |   |   |   |   |   |   |   |   |   |   |   |   |   |   |   |   |   |   |   |   |   |   |   |   |   |   |   return 2 <line 3>
|   |   |   |   |   |   |   |   |   |   |   |   |   |   |   |   |   |   |   |   |   |   |   |   |   |   |   |   |   |   return 2 <line 4>
|   |   |   |   |   |   |   |   |   |   |   |   |   |   |   |   |   |   |   |   |   |   |   |   |   |   |   |   |   |   ack(m=0, n=2) <line 5>
|   |   |   |   |   |   |   |   |   |   |   |   |   |   |   |   |   |   |   |   |   |   |   |   |   |   |   |   |   |   return 3 <line 3>
|   |   |   |   |   |   |   |   |   |   |   |   |   |   |   |   |   |   |   |   |   |   |   |   |   |   |   |   |   return 3 <line 5>
|   |   |   |   |   |   |   |   |   |   |   |   |   |   |   |   |   |   |   |   |   |   |   |   |   |   |   |   |   ack(m=0, n=3) <line 5>
|   |   |   |   |   |   |   |   |   |   |   |   |   |   |   |   |   |   |   |   |   |   |   |   |   |   |   |   |   return 4 <line 3>
|   |   |   |   |   |   |   |   |   |   |   |   |   |   |   |   |   |   |   |   |   |   |   |   |   |   |   |   return 4 <line 5>
|   |   |   |   |   |   |   |   |   |   |   |   |   |   |   |   |   |   |   |   |   |   |   |   |   |   |   |   ack(m=0, n=4) <line 5>
|   |   |   |   |   |   |   |   |   |   |   |   |   |   |   |   |   |   |   |   |   |   |   |   |   |   |   |   return 5 <line 3>
|   |   |   |   |   |   |   |   |   |   |   |   |   |   |   |   |   |   |   |   |   |   |   |   |   |   |   return 5 <line 5>
|   |   |   |   |   |   |   |   |   |   |   |   |   |   |   |   |   |   |   |   |   |   |   |   |   |   |   ack(m=0, n=5) <line 5>
|   |   |   |   |   |   |   |   |   |   |   |   |   |   |   |   |   |   |   |   |   |   |   |   |   |   |   return 6 <line 3>
|   |   |   |   |   |   |   |   |   |   |   |   |   |   |   |   |   |   |   |   |   |   |   |   |   |   return 6 <line 5>
|   |   |   |   |   |   |   |   |   |   |   |   |   |   |   |   |   |   |   |   |   |   |   |   |   |   ack(m=0, n=6) <line 5>
|   |   |   |   |   |   |   |   |   |   |   |   |   |   |   |   |   |   |   |   |   |   |   |   |   |   return 7 <line 3>
|   |   |   |   |   |   |   |   |   |   |   |   |   |   |   |   |   |   |   |   |   |   |   |   |   return 7 <line 5>
|   |   |   |   |   |   |   |   |   |   |   |   |   |   |   |   |   |   |   |   |   |   |   |   |   ack(m=0, n=7) <line 5>
|   |   |   |   |   |   |   |   |   |   |   |   |   |   |   |   |   |   |   |   |   |   |   |   |   return 8 <line 3>
|   |   |   |   |   |   |   |   |   |   |   |   |   |   |   |   |   |   |   |   |   |   |   |   return 8 <line 5>
|   |   |   |   |   |   |   |   |   |   |   |   |   |   |   |   |   |   |   |   |   |   |   |   ack(m=0, n=8) <line 5>
|   |   |   |   |   |   |   |   |   |   |   |   |   |   |   |   |   |   |   |   |   |   |   |   return 9 <line 3>
|   |   |   |   |   |   |   |   |   |   |   |   |   |   |   |   |   |   |   |   |   |   |   return 9 <line 5>
|   |   |   |   |   |   |   |   |   |   |   |   |   |   |   |   |   |   |   |   |   |   |   ack(m=0, n=9) <line 5>
|   |   |   |   |   |   |   |   |   |   |   |   |   |   |   |   |   |   |   |   |   |   |   return 10 <line 3>
|   |   |   |   |   |   |   |   |   |   |   |   |   |   |   |   |   |   |   |   |   |   return 10 <line 5>
|   |   |   |   |   |   |   |   |   |   |   |   |   |   |   |   |   |   |   |   |   |   ack(m=0, n=10) <line 5>
|   |   |   |   |   |   |   |   |   |   |   |   |   |   |   |   |   |   |   |   |   |   return 11 <line 3>
|   |   |   |   |   |   |   |   |   |   |   |   |   |   |   |   |   |   |   |   |   return 11 <line 5>
|   |   |   |   |   |   |   |   |   |   |   |   |   |   |   |   |   |   |   |   |   ack(m=0, n=11) <line 5>
|   |   |   |   |   |   |   |   |   |   |   |   |   |   |   |   |   |   |   |   |   return 12 <line 3>
|   |   |   |   |   |   |   |   |   |   |   |   |   |   |   |   |   |   |   |   return 12 <line 5>
|   |   |   |   |   |   |   |   |   |   |   |   |   |   |   |   |   |   |   |   ack(m=0, n=12) <line 5>
|   |   |   |   |   |   |   |   |   |   |   |   |   |   |   |   |   |   |   |   return 13 <line 3>
|   |   |   |   |   |   |   |   |   |   |   |   |   |   |   |   |   |   |   return 13 <line 5>
|   |   |   |   |   |   |   |   |   |   |   |   |   |   |   |   |   |   |   ack(m=0, n=13) <line 5>
|   |   |   |   |   |   |   |   |   |   |   |   |   |   |   |   |   |   |   return 14 <line 3>
|   |   |   |   |   |   |   |   |   |   |   |   |   |   |   |   |   |   return 14 <line 5>
|   |   |   |   |   |   |   |   |   |   |   |   |   |   |   |   |   |   ack(m=0, n=14) <line 5>
|   |   |   |   |   |   |   |   |   |   |   |   |   |   |   |   |   |   return 15 <line 3>
|   |   |   |   |   |   |   |   |   |   |   |   |   |   |   |   |   return 15 <line 5>
|   |   |   |   |   |   |   |   |   |   |   |   |   |   |   |   |   ack(m=0, n=15) <line 5>
|   |   |   |   |   |   |   |   |   |   |   |   |   |   |   |   |   return 16 <line 3>
|   |   |   |   |   |   |   |   |   |   |   |   |   |   |   |   return 16 <line 5>
|   |   |   |   |   |   |   |   |   |   |   |   |   |   |   |   ack(m=0, n=16) <line 5>
|   |   |   |   |   |   |   |   |   |   |   |   |   |   |   |   return 17 <line 3>
|   |   |   |   |   |   |   |   |   |   |   |   |   |   |   return 17 <line 5>
|   |   |   |   |   |   |   |   |   |   |   |   |   |   |   ack(m=0, n=17) <line 5>
|   |   |   |   |   |   |   |   |   |   |   |   |   |   |   return 18 <line 3>
|   |   |   |   |   |   |   |   |   |   |   |   |   |   return 18 <line 5>
|   |   |   |   |   |   |   |   |   |   |   |   |   |   ack(m=0, n=18) <line 5>
|   |   |   |   |   |   |   |   |   |   |   |   |   |   return 19 <line 3>
|   |   |   |   |   |   |   |   |   |   |   |   |   return 19 <line 5>
|   |   |   |   |   |   |   |   |   |   |   |   |   ack(m=0, n=19) <line 5>
|   |   |   |   |   |   |   |   |   |   |   |   |   return 20 <line 3>
|   |   |   |   |   |   |   |   |   |   |   |   return 20 <line 5>
|   |   |   |   |   |   |   |   |   |   |   |   ack(m=0, n=20) <line 5>
|   |   |   |   |   |   |   |   |   |   |   |   return 21 <line 3>
|   |   |   |   |   |   |   |   |   |   |   return 21 <line 5>
|   |   |   |   |   |   |   |   |   |   |   ack(m=0, n=21) <line 5>
|   |   |   |   |   |   |   |   |   |   |   return 22 <line 3>
|   |   |   |   |   |   |   |   |   |   return 22 <line 5>
|   |   |   |   |   |   |   |   |   |   ack(m=0, n=22) <line 5>
|   |   |   |   |   |   |   |   |   |   return 23 <line 3>
|   |   |   |   |   |   |   |   |   return 23 <line 5>
|   |   |   |   |   |   |   |   |   ack(m=0, n=23) <line 5>
|   |   |   |   |   |   |   |   |   return 24 <line 3>
|   |   |   |   |   |   |   |   return 24 <line 5>
|   |   |   |   |   |   |   |   ack(m=0, n=24) <line 5>
|   |   |   |   |   |   |   |   return 25 <line 3>
|   |   |   |   |   |   |   return 25 <line 5>
|   |   |   |   |   |   |   ack(m=0, n=25) <line 5>
|   |   |   |   |   |   |   return 26 <line 3>
|   |   |   |   |   |   return 26 <line 5>
|   |   |   |   |   |   ack(m=0, n=26) <line 5>
|   |   |   |   |   |   return 27 <line 3>
|   |   |   |   |   return 27 <line 5>
|   |   |   |   |   ack(m=0, n=27) <line 5>
|   |   |   |   |   return 28 <line 3>
|   |   |   |   return 28 <line 5>
|   |   |   |   ack(m=0, n=28) <line 5>
|   |   |   |   return 29 <line 3>
|   |   |   return 29 <line 5>
|   |   return 29 <line 5>
|   return 29 <line 5>
return <line 12>
